#
# There is insufficient memory for the Java Runtime Environment to continue.
# Native memory allocation (mmap) failed to map 143654912 bytes. Error detail: G1 virtual space
# Possible reasons:
#   The system is out of physical RAM or swap space
#   This process is running with CompressedOops enabled, and the Java Heap may be blocking the growth of the native heap
# Possible solutions:
#   Reduce memory load on the system
#   Increase physical memory or swap space
#   Check if swap backing store is full
#   Decrease Java heap size (-Xmx/-Xms)
#   Decrease number of Java threads
#   Decrease Java thread stack sizes (-Xss)
#   Set larger code cache with -XX:ReservedCodeCacheSize=
#   JVM is running with Unscaled Compressed Oops mode in which the Java heap is
#     placed in the first 4GB address space. The Java Heap base address is the
#     maximum limit for the native heap growth. Please use -XX:HeapBaseMinAddress
#     to set the Java Heap base and to place the Java Heap above 4GB virtual address.
# This output file may be truncated or incomplete.
#
#  Out of Memory Error (os_windows.cpp:3825), pid=19108, tid=19436
#
# JRE version: OpenJDK Runtime Environment JBR-17.0.12+1-1207.37-nomod (17.0.12+1) (build 17.0.12+1-b1207.37)
# Java VM: OpenJDK 64-Bit Server VM JBR-17.0.12+1-1207.37-nomod (17.0.12+1-b1207.37, mixed mode, sharing, tiered, compressed oops, compressed class ptrs, g1 gc, windows-amd64)
# No core dump will be written. Minidumps are not enabled by default on client versions of Windows
#

---------------  S U M M A R Y ------------

Command Line: -Dmaven.multiModuleProjectDirectory=F:\Virtusa-FullStack-Training\Repo\news-app\news-website-backend-app\favourite-service -Djansi.passthrough=true -Dmaven.home=C:\Program Files\JetBrains\IntelliJ IDEA Community Edition 2024.2.2\plugins\maven\lib\maven3 -Dclassworlds.conf=C:\Program Files\JetBrains\IntelliJ IDEA Community Edition 2024.2.2\plugins\maven\lib\maven3\bin\m2.conf -Dmaven.ext.class.path=C:\Program Files\JetBrains\IntelliJ IDEA Community Edition 2024.2.2\plugins\maven\lib\maven-event-listener.jar -javaagent:C:\Program Files\JetBrains\IntelliJ IDEA Community Edition 2024.2.2\lib\idea_rt.jar=9563:C:\Program Files\JetBrains\IntelliJ IDEA Community Edition 2024.2.2\bin -Dfile.encoding=UTF-8 org.codehaus.classworlds.Launcher -Didea.version=2024.2.2 install

Host: Intel(R) Core(TM) i5-10210U CPU @ 1.60GHz, 8 cores, 7G,  Windows 11 , 64 bit Build 26100 (10.0.26100.3037)
Time: Tue Mar 11 21:22:18 2025 India Standard Time elapsed time: 12.324035 seconds (0d 0h 0m 12s)

---------------  T H R E A D  ---------------

Current thread (0x0000029f3797cb00):  VMThread "VM Thread" [stack: 0x000000f1ba600000,0x000000f1ba700000] [id=19436]

Stack: [0x000000f1ba600000,0x000000f1ba700000]
Native frames: (J=compiled Java code, j=interpreted, Vv=VM code, C=native code)
V  [jvm.dll+0x689d89]  os::platform_print_native_stack+0xd9  (os_windows_x86.cpp:235)
V  [jvm.dll+0x84386a]  VMError::report+0xc6a  (vmError.cpp:868)
V  [jvm.dll+0x8454ee]  VMError::report_and_die+0x78e  (vmError.cpp:1766)
V  [jvm.dll+0x845b53]  VMError::report_and_die+0x43  (vmError.cpp:1552)
V  [jvm.dll+0x24a56f]  report_vm_out_of_memory+0x8f  (debug.cpp:321)
V  [jvm.dll+0x686ad9]  os::pd_commit_memory_or_exit+0xc9  (os_windows.cpp:3833)
V  [jvm.dll+0x67b3da]  os::commit_memory_or_exit+0x2a  (os.cpp:1740)
V  [jvm.dll+0x30b15b]  G1PageBasedVirtualSpace::commit+0x19b  (g1PageBasedVirtualSpace.cpp:204)
V  [jvm.dll+0x312646]  G1RegionsLargerThanCommitSizeMapper::commit_regions+0x96  (g1RegionToSpaceMapper.cpp:100)
V  [jvm.dll+0x36288e]  HeapRegionManager::expand_any+0xee  (heapRegionManager.cpp:363)
V  [jvm.dll+0x362acf]  HeapRegionManager::expand_by+0x7f  (heapRegionManager.cpp:380)
V  [jvm.dll+0x2e125c]  G1CollectedHeap::expand+0xbc  (g1CollectedHeap.cpp:1292)
V  [jvm.dll+0x2df61f]  G1CollectedHeap::do_collection_pause_at_safepoint_helper+0x8bf  (g1CollectedHeap.cpp:3093)
V  [jvm.dll+0x2ded4c]  G1CollectedHeap::do_collection_pause_at_safepoint+0x5c  (g1CollectedHeap.cpp:2897)
V  [jvm.dll+0x32334b]  VM_G1CollectForAllocation::doit+0x6b  (g1VMOperations.cpp:147)
V  [jvm.dll+0x84a24d]  VM_Operation::evaluate+0xfd  (vmOperations.cpp:73)
V  [jvm.dll+0x84af92]  VMThread::evaluate_operation+0xd2  (vmThread.cpp:269)
V  [jvm.dll+0x84b4bf]  VMThread::inner_execute+0x1af  (vmThread.cpp:417)
V  [jvm.dll+0x84b8a4]  VMThread::loop+0x254  (vmThread.cpp:481)
V  [jvm.dll+0x84b970]  VMThread::run+0x70  (vmThread.cpp:167)
V  [jvm.dll+0x7f1cec]  Thread::call_run+0x8c  (thread.cpp:405)
V  [jvm.dll+0x688be7]  thread_native_entry+0x77  (os_windows.cpp:550)
C  [ucrtbase.dll+0x37b0]
C  [KERNEL32.DLL+0x2e8d7]
C  [ntdll.dll+0xbbf2c]

VM_Operation (0x000000f1ba0fbdb0): G1CollectForAllocation, mode: safepoint, requested by thread 0x0000029f1de22810


---------------  P R O C E S S  ---------------

Threads class SMR info:
_java_thread_list=0x0000029f7df44630, length=15, elements={
0x0000029f1de22810, 0x0000029f379815b0, 0x0000029f37982170, 0x0000029f379949e0,
0x0000029f379955a0, 0x0000029f37997f70, 0x0000029f37998930, 0x0000029f3799d630,
0x0000029f3799e0e0, 0x0000029f3799f0f0, 0x0000029f7d2163c0, 0x0000029f7d260930,
0x0000029f7d3637f0, 0x0000029f7dcb70f0, 0x0000029f7f466f70
}

Java Threads: ( => current thread )
  0x0000029f1de22810 JavaThread "main" [_thread_blocked, id=15952, stack(0x000000f1ba000000,0x000000f1ba100000)]
  0x0000029f379815b0 JavaThread "Reference Handler" daemon [_thread_blocked, id=1736, stack(0x000000f1ba700000,0x000000f1ba800000)]
  0x0000029f37982170 JavaThread "Finalizer" daemon [_thread_blocked, id=18944, stack(0x000000f1ba800000,0x000000f1ba900000)]
  0x0000029f379949e0 JavaThread "Signal Dispatcher" daemon [_thread_blocked, id=2648, stack(0x000000f1ba900000,0x000000f1baa00000)]
  0x0000029f379955a0 JavaThread "Attach Listener" daemon [_thread_blocked, id=20552, stack(0x000000f1baa00000,0x000000f1bab00000)]
  0x0000029f37997f70 JavaThread "Service Thread" daemon [_thread_blocked, id=23068, stack(0x000000f1bab00000,0x000000f1bac00000)]
  0x0000029f37998930 JavaThread "Monitor Deflation Thread" daemon [_thread_blocked, id=13116, stack(0x000000f1bac00000,0x000000f1bad00000)]
  0x0000029f3799d630 JavaThread "C2 CompilerThread0" daemon [_thread_blocked, id=20540, stack(0x000000f1bad00000,0x000000f1bae00000)]
  0x0000029f3799e0e0 JavaThread "C1 CompilerThread0" daemon [_thread_blocked, id=13296, stack(0x000000f1bae00000,0x000000f1baf00000)]
  0x0000029f3799f0f0 JavaThread "Sweeper thread" daemon [_thread_blocked, id=8464, stack(0x000000f1baf00000,0x000000f1bb000000)]
  0x0000029f7d2163c0 JavaThread "Common-Cleaner" daemon [_thread_blocked, id=7368, stack(0x000000f1bb000000,0x000000f1bb100000)]
  0x0000029f7d260930 JavaThread "Monitor Ctrl-Break" daemon [_thread_in_native, id=13252, stack(0x000000f1bb100000,0x000000f1bb200000)]
  0x0000029f7d3637f0 JavaThread "Notification Thread" daemon [_thread_blocked, id=26264, stack(0x000000f1bb200000,0x000000f1bb300000)]
  0x0000029f7dcb70f0 JavaThread "Thread-1" daemon [_thread_blocked, id=19688, stack(0x000000f1bbd00000,0x000000f1bbe00000)]
  0x0000029f7f466f70 JavaThread "C2 CompilerThread1" daemon [_thread_blocked, id=12596, stack(0x000000f1bb400000,0x000000f1bb500000)]

Other Threads:
=>0x0000029f3797cb00 VMThread "VM Thread" [stack: 0x000000f1ba600000,0x000000f1ba700000] [id=19436]
  0x0000029f1de23690 WatcherThread [stack: 0x000000f1bb300000,0x000000f1bb400000] [id=26260]
  0x0000029f1de80300 GCTaskThread "GC Thread#0" [stack: 0x000000f1ba100000,0x000000f1ba200000] [id=17512]
  0x0000029f7de843c0 GCTaskThread "GC Thread#1" [stack: 0x000000f1bb600000,0x000000f1bb700000] [id=8996]
  0x0000029f7de3a620 GCTaskThread "GC Thread#2" [stack: 0x000000f1bb700000,0x000000f1bb800000] [id=25812]
  0x0000029f7d6ed900 GCTaskThread "GC Thread#3" [stack: 0x000000f1bb800000,0x000000f1bb900000] [id=25992]
  0x0000029f7df3f350 GCTaskThread "GC Thread#4" [stack: 0x000000f1bb900000,0x000000f1bba00000] [id=9004]
  0x0000029f7ddee0b0 GCTaskThread "GC Thread#5" [stack: 0x000000f1bba00000,0x000000f1bbb00000] [id=26268]
  0x0000029f7de2e4c0 GCTaskThread "GC Thread#6" [stack: 0x000000f1bbb00000,0x000000f1bbc00000] [id=1864]
  0x0000029f7e064020 GCTaskThread "GC Thread#7" [stack: 0x000000f1bbc00000,0x000000f1bbd00000] [id=10396]
  0x0000029f1de90c50 ConcurrentGCThread "G1 Main Marker" [stack: 0x000000f1ba200000,0x000000f1ba300000] [id=9156]
  0x0000029f1de92340 ConcurrentGCThread "G1 Conc#0" [stack: 0x000000f1ba300000,0x000000f1ba400000] [id=2960]
  0x0000029f7eb57e40 ConcurrentGCThread "G1 Conc#1" [stack: 0x000000f1bb500000,0x000000f1bb600000] [id=18544]
  0x0000029f1ded74e0 ConcurrentGCThread "G1 Refine#0" [stack: 0x000000f1ba400000,0x000000f1ba500000] [id=12476]
  0x0000029f1ded8dc0 ConcurrentGCThread "G1 Service" [stack: 0x000000f1ba500000,0x000000f1ba600000] [id=24028]

Threads with active compile tasks:

VM state: at safepoint (normal execution)

VM Mutex/Monitor currently owned by a thread:  ([mutex/lock_event])
[0x0000029f1de1c9a0] Threads_lock - owner thread: 0x0000029f3797cb00
[0x0000029f1de1d210] Heap_lock - owner thread: 0x0000029f1de22810

Heap address: 0x0000000083000000, size: 2000 MB, Compressed Oops mode: 32-bit

CDS archive(s) mapped at: [0x0000029f38000000-0x0000029f38c00000-0x0000029f38c00000), size 12582912, SharedBaseAddress: 0x0000029f38000000, ArchiveRelocationMode: 1.
Compressed class space mapped at: 0x0000029f39000000-0x0000029f79000000, reserved size: 1073741824
Narrow klass base: 0x0000029f38000000, Narrow klass shift: 0, Narrow klass range: 0x100000000

GC Precious Log:
 CPUs: 8 total, 8 available
 Memory: 7995M
 Large Page Support: Disabled
 NUMA Support: Disabled
 Compressed Oops: Enabled (32-bit)
 Heap Region Size: 1M
 Heap Min Capacity: 8M
 Heap Initial Capacity: 126M
 Heap Max Capacity: 2000M
 Pre-touch: Disabled
 Parallel Workers: 8
 Concurrent Workers: 2
 Concurrent Refinement Workers: 8
 Periodic GC: Disabled

Heap:
 garbage-first heap   total 140288K, used 66358K [0x0000000083000000, 0x0000000100000000)
  region size 1024K, 1 young (1024K), 1 survivors (1024K)
 Metaspace       used 31174K, committed 31552K, reserved 1114112K
  class space    used 3704K, committed 3904K, reserved 1048576K

Heap Regions: E=young(eden), S=young(survivor), O=old, HS=humongous(starts), HC=humongous(continues), CS=collection set, F=free, OA=open archive, CA=closed archive, TAMS=top-at-mark-start (previous, next)
|   0|0x0000000083000000, 0x0000000083100000, 0x0000000083100000|100%| O|  |TAMS 0x0000000083100000, 0x0000000083000000| Untracked 
|   1|0x0000000083100000, 0x0000000083200000, 0x0000000083200000|100%| O|  |TAMS 0x0000000083200000, 0x0000000083100000| Untracked 
|   2|0x0000000083200000, 0x0000000083300000, 0x0000000083300000|100%| O|  |TAMS 0x0000000083300000, 0x0000000083200000| Untracked 
|   3|0x0000000083300000, 0x0000000083400000, 0x0000000083400000|100%| O|  |TAMS 0x0000000083400000, 0x0000000083300000| Untracked 
|   4|0x0000000083400000, 0x0000000083500000, 0x0000000083500000|100%| O|  |TAMS 0x0000000083500000, 0x0000000083400000| Untracked 
|   5|0x0000000083500000, 0x0000000083600000, 0x0000000083600000|100%| O|  |TAMS 0x0000000083600000, 0x0000000083500000| Untracked 
|   6|0x0000000083600000, 0x0000000083700000, 0x0000000083700000|100%| O|  |TAMS 0x0000000083700000, 0x0000000083600000| Untracked 
|   7|0x0000000083700000, 0x0000000083800000, 0x0000000083800000|100%| O|  |TAMS 0x0000000083800000, 0x0000000083700000| Untracked 
|   8|0x0000000083800000, 0x0000000083900000, 0x0000000083900000|100%| O|  |TAMS 0x0000000083900000, 0x0000000083800000| Untracked 
|   9|0x0000000083900000, 0x0000000083a00000, 0x0000000083a00000|100%| O|  |TAMS 0x0000000083a00000, 0x0000000083900000| Untracked 
|  10|0x0000000083a00000, 0x0000000083b00000, 0x0000000083b00000|100%| O|  |TAMS 0x0000000083b00000, 0x0000000083a00000| Untracked 
|  11|0x0000000083b00000, 0x0000000083c00000, 0x0000000083c00000|100%| O|  |TAMS 0x0000000083c00000, 0x0000000083b00000| Untracked 
|  12|0x0000000083c00000, 0x0000000083d00000, 0x0000000083d00000|100%| O|  |TAMS 0x0000000083d00000, 0x0000000083c00000| Untracked 
|  13|0x0000000083d00000, 0x0000000083e00000, 0x0000000083e00000|100%|HS|  |TAMS 0x0000000083e00000, 0x0000000083d00000| Complete 
|  14|0x0000000083e00000, 0x0000000083f00000, 0x0000000083f00000|100%|HC|  |TAMS 0x0000000083f00000, 0x0000000083e00000| Complete 
|  15|0x0000000083f00000, 0x0000000084000000, 0x0000000084000000|100%| O|  |TAMS 0x0000000083f00000, 0x0000000083f00000| Untracked 
|  16|0x0000000084000000, 0x0000000084000000, 0x0000000084100000|  0%| F|  |TAMS 0x0000000084000000, 0x0000000084000000| Untracked 
|  17|0x0000000084100000, 0x0000000084200000, 0x0000000084200000|100%| O|  |TAMS 0x0000000084100000, 0x0000000084100000| Untracked 
|  18|0x0000000084200000, 0x0000000084300000, 0x0000000084300000|100%| O|  |TAMS 0x0000000084200000, 0x0000000084200000| Untracked 
|  19|0x0000000084300000, 0x0000000084400000, 0x0000000084400000|100%| O|  |TAMS 0x0000000084300000, 0x0000000084300000| Untracked 
|  20|0x0000000084400000, 0x0000000084500000, 0x0000000084500000|100%| O|  |TAMS 0x0000000084500000, 0x0000000084400000| Untracked 
|  21|0x0000000084500000, 0x0000000084600000, 0x0000000084600000|100%| O|  |TAMS 0x0000000084600000, 0x0000000084500000| Untracked 
|  22|0x0000000084600000, 0x0000000084700000, 0x0000000084700000|100%| O|  |TAMS 0x0000000084700000, 0x0000000084600000| Untracked 
|  23|0x0000000084700000, 0x0000000084800000, 0x0000000084800000|100%| O|  |TAMS 0x0000000084800000, 0x0000000084700000| Untracked 
|  24|0x0000000084800000, 0x0000000084900000, 0x0000000084900000|100%| O|  |TAMS 0x0000000084900000, 0x0000000084800000| Untracked 
|  25|0x0000000084900000, 0x0000000084a00000, 0x0000000084a00000|100%| O|  |TAMS 0x0000000084a00000, 0x0000000084900000| Untracked 
|  26|0x0000000084a00000, 0x0000000084ae4800, 0x0000000084b00000| 89%| O|  |TAMS 0x0000000084ae4800, 0x0000000084a00000| Untracked 
|  27|0x0000000084b00000, 0x0000000084c00000, 0x0000000084c00000|100%| O|  |TAMS 0x0000000084b00000, 0x0000000084b00000| Untracked 
|  28|0x0000000084c00000, 0x0000000084d00000, 0x0000000084d00000|100%| O|  |TAMS 0x0000000084d00000, 0x0000000084c00000| Untracked 
|  29|0x0000000084d00000, 0x0000000084e00000, 0x0000000084e00000|100%|HS|  |TAMS 0x0000000084e00000, 0x0000000084d00000| Complete 
|  30|0x0000000084e00000, 0x0000000084f00000, 0x0000000084f00000|100%| O|  |TAMS 0x0000000084f00000, 0x0000000084e00000| Untracked 
|  31|0x0000000084f00000, 0x0000000085000000, 0x0000000085000000|100%| O|  |TAMS 0x0000000084f00000, 0x0000000084f00000| Untracked 
|  32|0x0000000085000000, 0x0000000085100000, 0x0000000085100000|100%| O|  |TAMS 0x0000000085100000, 0x0000000085000000| Untracked 
|  33|0x0000000085100000, 0x0000000085200000, 0x0000000085200000|100%| O|  |TAMS 0x0000000085200000, 0x0000000085100000| Untracked 
|  34|0x0000000085200000, 0x0000000085300000, 0x0000000085300000|100%| O|  |TAMS 0x0000000085200000, 0x0000000085200000| Untracked 
|  35|0x0000000085300000, 0x0000000085300000, 0x0000000085400000|  0%| F|  |TAMS 0x0000000085300000, 0x0000000085300000| Untracked 
|  36|0x0000000085400000, 0x0000000085400000, 0x0000000085500000|  0%| F|  |TAMS 0x0000000085400000, 0x0000000085400000| Untracked 
|  37|0x0000000085500000, 0x0000000085600000, 0x0000000085600000|100%| O|  |TAMS 0x0000000085500000, 0x0000000085500000| Untracked 
|  38|0x0000000085600000, 0x0000000085600000, 0x0000000085700000|  0%| F|  |TAMS 0x0000000085600000, 0x0000000085600000| Untracked 
|  39|0x0000000085700000, 0x000000008571ce00, 0x0000000085800000| 11%| O|  |TAMS 0x0000000085700000, 0x0000000085700000| Untracked 
|  40|0x0000000085800000, 0x0000000085900000, 0x0000000085900000|100%| O|  |TAMS 0x0000000085900000, 0x0000000085800000| Untracked 
|  41|0x0000000085900000, 0x0000000085900000, 0x0000000085a00000|  0%| F|  |TAMS 0x0000000085900000, 0x0000000085900000| Untracked 
|  42|0x0000000085a00000, 0x0000000085a00000, 0x0000000085b00000|  0%| F|  |TAMS 0x0000000085a00000, 0x0000000085a00000| Untracked 
|  43|0x0000000085b00000, 0x0000000085b00000, 0x0000000085c00000|  0%| F|  |TAMS 0x0000000085b00000, 0x0000000085b00000| Untracked 
|  44|0x0000000085c00000, 0x0000000085c00000, 0x0000000085d00000|  0%| F|  |TAMS 0x0000000085c00000, 0x0000000085c00000| Untracked 
|  45|0x0000000085d00000, 0x0000000085d00000, 0x0000000085e00000|  0%| F|  |TAMS 0x0000000085d00000, 0x0000000085d00000| Untracked 
|  46|0x0000000085e00000, 0x0000000085e00000, 0x0000000085f00000|  0%| F|  |TAMS 0x0000000085e00000, 0x0000000085e00000| Untracked 
|  47|0x0000000085f00000, 0x0000000086000000, 0x0000000086000000|100%| O|  |TAMS 0x0000000086000000, 0x0000000085f00000| Untracked 
|  48|0x0000000086000000, 0x0000000086000000, 0x0000000086100000|  0%| F|  |TAMS 0x0000000086000000, 0x0000000086000000| Untracked 
|  49|0x0000000086100000, 0x0000000086100000, 0x0000000086200000|  0%| F|  |TAMS 0x0000000086100000, 0x0000000086100000| Untracked 
|  50|0x0000000086200000, 0x0000000086200000, 0x0000000086300000|  0%| F|  |TAMS 0x0000000086200000, 0x0000000086200000| Untracked 
|  51|0x0000000086300000, 0x0000000086300000, 0x0000000086400000|  0%| F|  |TAMS 0x0000000086300000, 0x0000000086300000| Untracked 
|  52|0x0000000086400000, 0x0000000086400000, 0x0000000086500000|  0%| F|  |TAMS 0x0000000086400000, 0x0000000086400000| Untracked 
|  53|0x0000000086500000, 0x0000000086500000, 0x0000000086600000|  0%| F|  |TAMS 0x0000000086500000, 0x0000000086500000| Untracked 
|  54|0x0000000086600000, 0x0000000086700000, 0x0000000086700000|100%|HS|  |TAMS 0x0000000086700000, 0x0000000086600000| Complete 
|  55|0x0000000086700000, 0x0000000086800000, 0x0000000086800000|100%|HS|  |TAMS 0x0000000086800000, 0x0000000086700000| Complete 
|  56|0x0000000086800000, 0x0000000086900000, 0x0000000086900000|100%| O|  |TAMS 0x0000000086900000, 0x0000000086800000| Untracked 
|  57|0x0000000086900000, 0x0000000086a00000, 0x0000000086a00000|100%| O|  |TAMS 0x0000000086a00000, 0x0000000086900000| Untracked 
|  58|0x0000000086a00000, 0x0000000086b00000, 0x0000000086b00000|100%| O|  |TAMS 0x0000000086b00000, 0x0000000086a00000| Untracked 
|  59|0x0000000086b00000, 0x0000000086c00000, 0x0000000086c00000|100%| O|  |TAMS 0x0000000086c00000, 0x0000000086b00000| Untracked 
|  60|0x0000000086c00000, 0x0000000086d00000, 0x0000000086d00000|100%| O|  |TAMS 0x0000000086d00000, 0x0000000086c00000| Untracked 
|  61|0x0000000086d00000, 0x0000000086e00000, 0x0000000086e00000|100%| O|  |TAMS 0x0000000086e00000, 0x0000000086d00000| Untracked 
|  62|0x0000000086e00000, 0x0000000086f00000, 0x0000000086f00000|100%| O|  |TAMS 0x0000000086f00000, 0x0000000086e00000| Untracked 
|  63|0x0000000086f00000, 0x0000000087000000, 0x0000000087000000|100%| O|  |TAMS 0x0000000087000000, 0x0000000086f00000| Untracked 
|  64|0x0000000087000000, 0x0000000087100000, 0x0000000087100000|100%| O|  |TAMS 0x0000000087100000, 0x0000000087000000| Untracked 
|  65|0x0000000087100000, 0x0000000087200000, 0x0000000087200000|100%| O|  |TAMS 0x0000000087200000, 0x0000000087100000| Untracked 
|  66|0x0000000087200000, 0x0000000087300000, 0x0000000087300000|100%| O|  |TAMS 0x0000000087300000, 0x0000000087200000| Untracked 
|  67|0x0000000087300000, 0x0000000087400000, 0x0000000087400000|100%| O|  |TAMS 0x0000000087400000, 0x0000000087300000| Untracked 
|  68|0x0000000087400000, 0x0000000087500000, 0x0000000087500000|100%| O|  |TAMS 0x0000000087500000, 0x0000000087400000| Untracked 
|  69|0x0000000087500000, 0x0000000087600000, 0x0000000087600000|100%| O|  |TAMS 0x0000000087600000, 0x0000000087500000| Untracked 
|  70|0x0000000087600000, 0x0000000087700000, 0x0000000087700000|100%| O|  |TAMS 0x0000000087700000, 0x0000000087600000| Untracked 
|  71|0x0000000087700000, 0x0000000087800000, 0x0000000087800000|100%| O|  |TAMS 0x0000000087800000, 0x0000000087700000| Untracked 
|  72|0x0000000087800000, 0x0000000087900000, 0x0000000087900000|100%| O|  |TAMS 0x0000000087900000, 0x0000000087800000| Untracked 
|  73|0x0000000087900000, 0x0000000087a00000, 0x0000000087a00000|100%| O|  |TAMS 0x0000000087a00000, 0x0000000087900000| Untracked 
|  74|0x0000000087a00000, 0x0000000087b00000, 0x0000000087b00000|100%| O|  |TAMS 0x0000000087b00000, 0x0000000087a00000| Untracked 
|  75|0x0000000087b00000, 0x0000000087c00000, 0x0000000087c00000|100%| O|  |TAMS 0x0000000087c00000, 0x0000000087b00000| Untracked 
|  76|0x0000000087c00000, 0x0000000087d00000, 0x0000000087d00000|100%| O|  |TAMS 0x0000000087d00000, 0x0000000087c00000| Untracked 
|  77|0x0000000087d00000, 0x0000000087e00000, 0x0000000087e00000|100%| O|  |TAMS 0x0000000087e00000, 0x0000000087d00000| Untracked 
|  78|0x0000000087e00000, 0x0000000087f00000, 0x0000000087f00000|100%| O|  |TAMS 0x0000000087f00000, 0x0000000087e00000| Untracked 
|  79|0x0000000087f00000, 0x0000000088000000, 0x0000000088000000|100%| O|  |TAMS 0x0000000088000000, 0x0000000087f00000| Untracked 
|  80|0x0000000088000000, 0x0000000088100000, 0x0000000088100000|100%| O|  |TAMS 0x0000000088100000, 0x0000000088000000| Untracked 
|  81|0x0000000088100000, 0x0000000088100000, 0x0000000088200000|  0%| F|  |TAMS 0x0000000088100000, 0x0000000088100000| Untracked 
|  82|0x0000000088200000, 0x0000000088200000, 0x0000000088300000|  0%| F|  |TAMS 0x0000000088200000, 0x0000000088200000| Untracked 
|  83|0x0000000088300000, 0x0000000088300000, 0x0000000088400000|  0%| F|  |TAMS 0x0000000088300000, 0x0000000088300000| Untracked 
|  84|0x0000000088400000, 0x0000000088400000, 0x0000000088500000|  0%| F|  |TAMS 0x0000000088400000, 0x0000000088400000| Untracked 
|  85|0x0000000088500000, 0x0000000088500000, 0x0000000088600000|  0%| F|  |TAMS 0x0000000088500000, 0x0000000088500000| Untracked 
|  86|0x0000000088600000, 0x0000000088600000, 0x0000000088700000|  0%| F|  |TAMS 0x0000000088600000, 0x0000000088600000| Untracked 
|  87|0x0000000088700000, 0x0000000088700000, 0x0000000088800000|  0%| F|  |TAMS 0x0000000088700000, 0x0000000088700000| Untracked 
|  88|0x0000000088800000, 0x0000000088800000, 0x0000000088900000|  0%| F|  |TAMS 0x0000000088800000, 0x0000000088800000| Untracked 
|  89|0x0000000088900000, 0x0000000088900000, 0x0000000088a00000|  0%| F|  |TAMS 0x0000000088900000, 0x0000000088900000| Untracked 
|  90|0x0000000088a00000, 0x0000000088a00000, 0x0000000088b00000|  0%| F|  |TAMS 0x0000000088a00000, 0x0000000088a00000| Untracked 
|  91|0x0000000088b00000, 0x0000000088b00000, 0x0000000088c00000|  0%| F|  |TAMS 0x0000000088b00000, 0x0000000088b00000| Untracked 
|  92|0x0000000088c00000, 0x0000000088c00000, 0x0000000088d00000|  0%| F|  |TAMS 0x0000000088c00000, 0x0000000088c00000| Untracked 
|  93|0x0000000088d00000, 0x0000000088d00000, 0x0000000088e00000|  0%| F|  |TAMS 0x0000000088d00000, 0x0000000088d00000| Untracked 
|  94|0x0000000088e00000, 0x0000000088e00000, 0x0000000088f00000|  0%| F|  |TAMS 0x0000000088e00000, 0x0000000088e00000| Untracked 
|  95|0x0000000088f00000, 0x0000000088f00000, 0x0000000089000000|  0%| F|  |TAMS 0x0000000088f00000, 0x0000000088f00000| Untracked 
|  96|0x0000000089000000, 0x0000000089000000, 0x0000000089100000|  0%| F|  |TAMS 0x0000000089000000, 0x0000000089000000| Untracked 
|  97|0x0000000089100000, 0x0000000089100000, 0x0000000089200000|  0%| F|  |TAMS 0x0000000089100000, 0x0000000089100000| Untracked 
|  98|0x0000000089200000, 0x0000000089200000, 0x0000000089300000|  0%| F|  |TAMS 0x0000000089200000, 0x0000000089200000| Untracked 
|  99|0x0000000089300000, 0x0000000089300000, 0x0000000089400000|  0%| F|  |TAMS 0x0000000089300000, 0x0000000089300000| Untracked 
| 100|0x0000000089400000, 0x0000000089400000, 0x0000000089500000|  0%| F|  |TAMS 0x0000000089400000, 0x0000000089400000| Untracked 
| 101|0x0000000089500000, 0x0000000089500000, 0x0000000089600000|  0%| F|  |TAMS 0x0000000089500000, 0x0000000089500000| Untracked 
| 102|0x0000000089600000, 0x0000000089600000, 0x0000000089700000|  0%| F|  |TAMS 0x0000000089600000, 0x0000000089600000| Untracked 
| 103|0x0000000089700000, 0x0000000089700000, 0x0000000089800000|  0%| F|  |TAMS 0x0000000089700000, 0x0000000089700000| Untracked 
| 104|0x0000000089800000, 0x0000000089800000, 0x0000000089900000|  0%| F|  |TAMS 0x0000000089800000, 0x0000000089800000| Untracked 
| 105|0x0000000089900000, 0x0000000089900000, 0x0000000089a00000|  0%| F|  |TAMS 0x0000000089900000, 0x0000000089900000| Untracked 
| 106|0x0000000089a00000, 0x0000000089a00000, 0x0000000089b00000|  0%| F|  |TAMS 0x0000000089a00000, 0x0000000089a00000| Untracked 
| 107|0x0000000089b00000, 0x0000000089b00000, 0x0000000089c00000|  0%| F|  |TAMS 0x0000000089b00000, 0x0000000089b00000| Untracked 
| 108|0x0000000089c00000, 0x0000000089c00000, 0x0000000089d00000|  0%| F|  |TAMS 0x0000000089c00000, 0x0000000089c00000| Untracked 
| 109|0x0000000089d00000, 0x0000000089d00000, 0x0000000089e00000|  0%| F|  |TAMS 0x0000000089d00000, 0x0000000089d00000| Untracked 
| 110|0x0000000089e00000, 0x0000000089e00000, 0x0000000089f00000|  0%| F|  |TAMS 0x0000000089e00000, 0x0000000089e00000| Untracked 
| 111|0x0000000089f00000, 0x0000000089f00000, 0x000000008a000000|  0%| F|  |TAMS 0x0000000089f00000, 0x0000000089f00000| Untracked 
| 112|0x000000008a000000, 0x000000008a000000, 0x000000008a100000|  0%| F|  |TAMS 0x000000008a000000, 0x000000008a000000| Untracked 
| 113|0x000000008a100000, 0x000000008a100000, 0x000000008a200000|  0%| F|  |TAMS 0x000000008a100000, 0x000000008a100000| Untracked 
| 114|0x000000008a200000, 0x000000008a200000, 0x000000008a300000|  0%| F|  |TAMS 0x000000008a200000, 0x000000008a200000| Untracked 
| 115|0x000000008a300000, 0x000000008a300000, 0x000000008a400000|  0%| F|  |TAMS 0x000000008a300000, 0x000000008a300000| Untracked 
| 116|0x000000008a400000, 0x000000008a400000, 0x000000008a500000|  0%| F|  |TAMS 0x000000008a400000, 0x000000008a400000| Untracked 
| 117|0x000000008a500000, 0x000000008a500000, 0x000000008a600000|  0%| F|  |TAMS 0x000000008a500000, 0x000000008a500000| Untracked 
| 118|0x000000008a600000, 0x000000008a600000, 0x000000008a700000|  0%| F|  |TAMS 0x000000008a600000, 0x000000008a600000| Untracked 
| 119|0x000000008a700000, 0x000000008a700000, 0x000000008a800000|  0%| F|  |TAMS 0x000000008a700000, 0x000000008a700000| Untracked 
| 120|0x000000008a800000, 0x000000008a800000, 0x000000008a900000|  0%| F|  |TAMS 0x000000008a800000, 0x000000008a800000| Untracked 
| 121|0x000000008a900000, 0x000000008a900000, 0x000000008aa00000|  0%| F|  |TAMS 0x000000008a900000, 0x000000008a900000| Untracked 
| 122|0x000000008aa00000, 0x000000008aa00000, 0x000000008ab00000|  0%| F|  |TAMS 0x000000008aa00000, 0x000000008aa00000| Untracked 
| 123|0x000000008ab00000, 0x000000008ab00000, 0x000000008ac00000|  0%| F|  |TAMS 0x000000008ab00000, 0x000000008ab00000| Untracked 
| 124|0x000000008ac00000, 0x000000008ac00000, 0x000000008ad00000|  0%| F|  |TAMS 0x000000008ac00000, 0x000000008ac00000| Untracked 
| 125|0x000000008ad00000, 0x000000008ad00000, 0x000000008ae00000|  0%| F|  |TAMS 0x000000008ad00000, 0x000000008ad00000| Untracked 
| 126|0x000000008ae00000, 0x000000008ae00000, 0x000000008af00000|  0%| F|  |TAMS 0x000000008ae00000, 0x000000008ae00000| Untracked 
| 127|0x000000008af00000, 0x000000008af00000, 0x000000008b000000|  0%| F|  |TAMS 0x000000008af00000, 0x000000008af00000| Untracked 
| 128|0x000000008b000000, 0x000000008b000000, 0x000000008b100000|  0%| F|  |TAMS 0x000000008b000000, 0x000000008b000000| Untracked 
| 129|0x000000008b100000, 0x000000008b100000, 0x000000008b200000|  0%| F|  |TAMS 0x000000008b100000, 0x000000008b100000| Untracked 
| 130|0x000000008b200000, 0x000000008b200000, 0x000000008b300000|  0%| F|  |TAMS 0x000000008b200000, 0x000000008b200000| Untracked 
| 131|0x000000008b300000, 0x000000008b3cc240, 0x000000008b400000| 79%| S|CS|TAMS 0x000000008b300000, 0x000000008b300000| Complete 
| 132|0x000000008b400000, 0x000000008b400000, 0x000000008b500000|  0%| F|  |TAMS 0x000000008b400000, 0x000000008b400000| Untracked 
| 133|0x000000008b500000, 0x000000008b500000, 0x000000008b600000|  0%| F|  |TAMS 0x000000008b500000, 0x000000008b500000| Untracked 
|1997|0x00000000ffd00000, 0x00000000ffd00000, 0x00000000ffe00000|  0%| F|  |TAMS 0x00000000ffd00000, 0x00000000ffd00000| Untracked 
|1998|0x00000000ffe00000, 0x00000000ffe00000, 0x00000000fff00000|  0%| F|  |TAMS 0x00000000ffe00000, 0x00000000ffe00000| Untracked 
|1999|0x00000000fff00000, 0x00000000fff00000, 0x0000000100000000|  0%| F|  |TAMS 0x00000000fff00000, 0x00000000fff00000| Untracked 

Card table byte_map: [0x0000029f30d20000,0x0000029f31110000] _byte_map_base: 0x0000029f30908000

Marking Bits (Prev, Next): (CMBitMap*) 0x0000029f1de80960, (CMBitMap*) 0x0000029f1de80920
 Prev Bits: [0x0000029f33440000, 0x0000029f35380000)
 Next Bits: [0x0000029f31500000, 0x0000029f33440000)

Polling page: 0x0000029f1bcf0000

Metaspace:

Usage:
  Non-class:     26.83 MB used.
      Class:      3.62 MB used.
       Both:     30.44 MB used.

Virtual space:
  Non-class space:       64.00 MB reserved,      27.00 MB ( 42%) committed,  1 nodes.
      Class space:        1.00 GB reserved,       3.81 MB ( <1%) committed,  1 nodes.
             Both:        1.06 GB reserved,      30.81 MB (  3%) committed. 

Chunk freelists:
   Non-Class:  4.89 MB
       Class:  12.25 MB
        Both:  17.15 MB

MaxMetaspaceSize: unlimited
CompressedClassSpaceSize: 1.00 GB
Initial GC threshold: 21.00 MB
Current GC threshold: 51.81 MB
CDS: on
MetaspaceReclaimPolicy: balanced
 - commit_granule_bytes: 65536.
 - commit_granule_words: 8192.
 - virtual_space_node_default_size: 8388608.
 - enlarge_chunks_in_place: 1.
 - new_chunks_are_fully_committed: 0.
 - uncommit_free_chunks: 1.
 - use_allocation_guard: 0.
 - handle_deallocations: 1.


Internal statistics:

num_allocs_failed_limit: 3.
num_arena_births: 240.
num_arena_deaths: 8.
num_vsnodes_births: 2.
num_vsnodes_deaths: 0.
num_space_committed: 510.
num_space_uncommitted: 17.
num_chunks_returned_to_freelist: 104.
num_chunks_taken_from_freelist: 1509.
num_chunk_merges: 27.
num_chunk_splits: 1002.
num_chunks_enlarged: 746.
num_inconsistent_stats: 0.

CodeHeap 'non-profiled nmethods': size=120000Kb used=4259Kb max_used=4259Kb free=115740Kb
 bounds [0x0000029f290d0000, 0x0000029f29500000, 0x0000029f30600000]
CodeHeap 'profiled nmethods': size=120000Kb used=14702Kb max_used=14702Kb free=105297Kb
 bounds [0x0000029f21600000, 0x0000029f22460000, 0x0000029f28b30000]
CodeHeap 'non-nmethods': size=5760Kb used=1216Kb max_used=1300Kb free=4543Kb
 bounds [0x0000029f28b30000, 0x0000029f28da0000, 0x0000029f290d0000]
 total_blobs=7149 nmethods=6629 adapters=432
 compilation: enabled
              stopped_count=0, restarted_count=0
 full_count=0

Compilation events (20 events):
Event: 10.854 Thread 0x0000029f3799d630 nmethod 7488 0x0000029f294f1810 code [0x0000029f294f19c0, 0x0000029f294f2118]
Event: 10.871 Thread 0x0000029f3799e0e0 7489   !   3       jdk.nio.zipfs.ZipFileSystem::close (390 bytes)
Event: 10.874 Thread 0x0000029f3799e0e0 nmethod 7489 0x0000029f2244e910 code [0x0000029f2244f080, 0x0000029f22454298]
Event: 10.922 Thread 0x0000029f3799e0e0 7490       3       java.util.Collections::addAll (43 bytes)
Event: 10.923 Thread 0x0000029f3799e0e0 nmethod 7490 0x0000029f22455f10 code [0x0000029f224560c0, 0x0000029f22456388]
Event: 10.924 Thread 0x0000029f3799d630 7491       4       java.util.Collections$UnmodifiableMap$UnmodifiableEntrySet$1::hasNext (10 bytes)
Event: 10.925 Thread 0x0000029f3799d630 nmethod 7491 0x0000029f294f2490 code [0x0000029f294f2620, 0x0000029f294f26f8]
Event: 10.925 Thread 0x0000029f3799d630 7492       4       java.util.Collections$UnmodifiableMap$UnmodifiableEntrySet$UnmodifiableEntry::getKey (10 bytes)
Event: 10.926 Thread 0x0000029f3799d630 nmethod 7492 0x0000029f294f2810 code [0x0000029f294f29a0, 0x0000029f294f2a88]
Event: 10.926 Thread 0x0000029f3799d630 7493       4       java.util.Collections$UnmodifiableMap$UnmodifiableEntrySet$UnmodifiableEntry::getValue (10 bytes)
Event: 10.926 Thread 0x0000029f3799d630 nmethod 7493 0x0000029f294f2b90 code [0x0000029f294f2d20, 0x0000029f294f2e08]
Event: 10.932 Thread 0x0000029f3799e0e0 7494       3       org.apache.maven.model.profile.activation.JdkVersionProfileActivator::getRelationOrder (169 bytes)
Event: 10.932 Thread 0x0000029f3799d630 7495       4       java.util.concurrent.ConcurrentHashMap$BaseIterator::<init> (21 bytes)
Event: 10.934 Thread 0x0000029f3799e0e0 nmethod 7494 0x0000029f22456510 code [0x0000029f224569a0, 0x0000029f22458fd8]
Event: 10.934 Thread 0x0000029f3799e0e0 7496       3       jdk.internal.reflect.Reflection::verifyMemberAccess (200 bytes)
Event: 10.936 Thread 0x0000029f3799e0e0 nmethod 7496 0x0000029f22459d90 code [0x0000029f2245a300, 0x0000029f2245cc18]
Event: 10.939 Thread 0x0000029f3799d630 nmethod 7495 0x0000029f294f2f10 code [0x0000029f294f30a0, 0x0000029f294f3618]
Event: 10.939 Thread 0x0000029f3799d630 7497       4       java.util.ArrayList::listIterator (10 bytes)
Event: 10.940 Thread 0x0000029f3799d630 nmethod 7497 0x0000029f294f3810 code [0x0000029f294f39a0, 0x0000029f294f3a98]
Event: 10.943 Thread 0x0000029f7f466f70 nmethod 7480 0x0000029f294f3b90 code [0x0000029f294f3ee0, 0x0000029f294f6ff0]

GC Heap History (20 events):
Event: 4.897 GC heap after
{Heap after GC invocations=5 (full 0):
 garbage-first heap   total 129024K, used 31083K [0x0000000083000000, 0x0000000100000000)
  region size 1024K, 7 young (7168K), 7 survivors (7168K)
 Metaspace       used 21234K, committed 21504K, reserved 1114112K
  class space    used 2524K, committed 2688K, reserved 1048576K
}
Event: 5.393 GC heap before
{Heap before GC invocations=6 (full 0):
 garbage-first heap   total 109568K, used 89451K [0x0000000083000000, 0x0000000100000000)
  region size 1024K, 62 young (63488K), 7 survivors (7168K)
 Metaspace       used 26812K, committed 27072K, reserved 1114112K
  class space    used 3208K, committed 3328K, reserved 1048576K
}
Event: 5.410 GC heap after
{Heap after GC invocations=7 (full 0):
 garbage-first heap   total 112640K, used 45970K [0x0000000083000000, 0x0000000100000000)
  region size 1024K, 9 young (9216K), 9 survivors (9216K)
 Metaspace       used 26812K, committed 27072K, reserved 1114112K
  class space    used 3208K, committed 3328K, reserved 1048576K
}
Event: 5.659 GC heap before
{Heap before GC invocations=7 (full 0):
 garbage-first heap   total 112640K, used 81810K [0x0000000083000000, 0x0000000100000000)
  region size 1024K, 43 young (44032K), 9 survivors (9216K)
 Metaspace       used 27439K, committed 27712K, reserved 1114112K
  class space    used 3279K, committed 3392K, reserved 1048576K
}
Event: 5.673 GC heap after
{Heap after GC invocations=8 (full 0):
 garbage-first heap   total 135168K, used 54674K [0x0000000083000000, 0x0000000100000000)
  region size 1024K, 6 young (6144K), 6 survivors (6144K)
 Metaspace       used 27439K, committed 27712K, reserved 1114112K
  class space    used 3279K, committed 3392K, reserved 1048576K
}
Event: 6.603 GC heap before
{Heap before GC invocations=8 (full 0):
 garbage-first heap   total 135168K, used 92562K [0x0000000083000000, 0x0000000100000000)
  region size 1024K, 44 young (45056K), 6 survivors (6144K)
 Metaspace       used 29707K, committed 30016K, reserved 1114112K
  class space    used 3541K, committed 3648K, reserved 1048576K
}
Event: 6.612 GC heap after
{Heap after GC invocations=9 (full 0):
 garbage-first heap   total 135168K, used 57051K [0x0000000083000000, 0x0000000100000000)
  region size 1024K, 2 young (2048K), 2 survivors (2048K)
 Metaspace       used 29707K, committed 30016K, reserved 1114112K
  class space    used 3541K, committed 3648K, reserved 1048576K
}
Event: 7.574 GC heap before
{Heap before GC invocations=9 (full 0):
 garbage-first heap   total 135168K, used 101083K [0x0000000083000000, 0x0000000100000000)
  region size 1024K, 41 young (41984K), 2 survivors (2048K)
 Metaspace       used 31372K, committed 31744K, reserved 1114112K
  class space    used 3749K, committed 3904K, reserved 1048576K
}
Event: 7.582 GC heap after
{Heap after GC invocations=10 (full 0):
 garbage-first heap   total 135168K, used 56391K [0x0000000083000000, 0x0000000100000000)
  region size 1024K, 4 young (4096K), 4 survivors (4096K)
 Metaspace       used 31372K, committed 31744K, reserved 1114112K
  class space    used 3749K, committed 3904K, reserved 1048576K
}
Event: 9.690 GC heap before
{Heap before GC invocations=10 (full 0):
 garbage-first heap   total 135168K, used 90183K [0x0000000083000000, 0x0000000100000000)
  region size 1024K, 31 young (31744K), 4 survivors (4096K)
 Metaspace       used 31445K, committed 31808K, reserved 1114112K
  class space    used 3749K, committed 3904K, reserved 1048576K
}
Event: 9.710 GC heap after
{Heap after GC invocations=11 (full 0):
 garbage-first heap   total 135168K, used 74752K [0x0000000083000000, 0x0000000100000000)
  region size 1024K, 6 young (6144K), 6 survivors (6144K)
 Metaspace       used 31445K, committed 31808K, reserved 1114112K
  class space    used 3749K, committed 3904K, reserved 1048576K
}
Event: 9.934 GC heap before
{Heap before GC invocations=12 (full 0):
 garbage-first heap   total 140288K, used 101375K [0x0000000083000000, 0x0000000100000000)
  region size 1024K, 31 young (31744K), 6 survivors (6144K)
 Metaspace       used 31454K, committed 31808K, reserved 1114112K
  class space    used 3749K, committed 3904K, reserved 1048576K
}
Event: 9.942 GC heap after
{Heap after GC invocations=13 (full 0):
 garbage-first heap   total 140288K, used 84282K [0x0000000083000000, 0x0000000100000000)
  region size 1024K, 4 young (4096K), 4 survivors (4096K)
 Metaspace       used 31454K, committed 31808K, reserved 1114112K
  class space    used 3749K, committed 3904K, reserved 1048576K
}
Event: 9.956 GC heap before
{Heap before GC invocations=13 (full 0):
 garbage-first heap   total 140288K, used 86330K [0x0000000083000000, 0x0000000100000000)
  region size 1024K, 6 young (6144K), 4 survivors (4096K)
 Metaspace       used 31454K, committed 31808K, reserved 1114112K
  class space    used 3749K, committed 3904K, reserved 1048576K
}
Event: 9.963 GC heap after
{Heap after GC invocations=14 (full 0):
 garbage-first heap   total 140288K, used 74356K [0x0000000083000000, 0x0000000100000000)
  region size 1024K, 1 young (1024K), 1 survivors (1024K)
 Metaspace       used 31454K, committed 31808K, reserved 1114112K
  class space    used 3749K, committed 3904K, reserved 1048576K
}
Event: 10.319 GC heap before
{Heap before GC invocations=14 (full 0):
 garbage-first heap   total 140288K, used 100980K [0x0000000083000000, 0x0000000100000000)
  region size 1024K, 27 young (27648K), 1 survivors (1024K)
 Metaspace       used 31720K, committed 32000K, reserved 1114112K
  class space    used 3772K, committed 3904K, reserved 1048576K
}
Event: 10.325 GC heap after
{Heap after GC invocations=15 (full 0):
 garbage-first heap   total 140288K, used 80786K [0x0000000083000000, 0x0000000100000000)
  region size 1024K, 4 young (4096K), 4 survivors (4096K)
 Metaspace       used 31720K, committed 32000K, reserved 1114112K
  class space    used 3772K, committed 3904K, reserved 1048576K
}
Event: 10.773 GC heap before
{Heap before GC invocations=16 (full 0):
 garbage-first heap   total 140288K, used 100242K [0x0000000083000000, 0x0000000100000000)
  region size 1024K, 28 young (28672K), 4 survivors (4096K)
 Metaspace       used 31079K, committed 31488K, reserved 1114112K
  class space    used 3696K, committed 3904K, reserved 1048576K
}
Event: 10.777 GC heap after
{Heap after GC invocations=17 (full 0):
 garbage-first heap   total 140288K, used 77496K [0x0000000083000000, 0x0000000100000000)
  region size 1024K, 1 young (1024K), 1 survivors (1024K)
 Metaspace       used 31079K, committed 31488K, reserved 1114112K
  class space    used 3696K, committed 3904K, reserved 1048576K
}
Event: 10.961 GC heap before
{Heap before GC invocations=17 (full 0):
 garbage-first heap   total 140288K, used 81592K [0x0000000083000000, 0x0000000100000000)
  region size 1024K, 6 young (6144K), 1 survivors (1024K)
 Metaspace       used 31174K, committed 31552K, reserved 1114112K
  class space    used 3704K, committed 3904K, reserved 1048576K
}

Dll operation events (4 events):
Event: 0.009 Loaded shared library C:\Users\mmaar\.jdks\jbr-17.0.12\bin\java.dll
Event: 0.025 Loaded shared library C:\Users\mmaar\.jdks\jbr-17.0.12\bin\jsvml.dll
Event: 0.072 Loaded shared library C:\Users\mmaar\.jdks\jbr-17.0.12\bin\zip.dll
Event: 0.250 Loaded shared library C:\Users\mmaar\.jdks\jbr-17.0.12\bin\verify.dll

Deoptimization events (20 events):
Event: 10.748 Thread 0x0000029f1de22810 Uncommon trap: trap_request=0xffffffde fr.pc=0x0000029f2930f2f0 relative=0x0000000000000070
Event: 10.748 Thread 0x0000029f1de22810 Uncommon trap: reason=class_check action=maybe_recompile pc=0x0000029f2930f2f0 method=java.util.Collections$UnmodifiableMap.size()I @ 4 c2
Event: 10.748 Thread 0x0000029f1de22810 DEOPT PACKING pc=0x0000029f2930f2f0 sp=0x000000f1ba0fc000
Event: 10.748 Thread 0x0000029f1de22810 DEOPT UNPACKING pc=0x0000029f28b869a3 sp=0x000000f1ba0fbf88 mode 2
Event: 10.748 Thread 0x0000029f1de22810 Uncommon trap: trap_request=0xffffffde fr.pc=0x0000029f29314814 relative=0x00000000000003f4
Event: 10.748 Thread 0x0000029f1de22810 Uncommon trap: reason=class_check action=maybe_recompile pc=0x0000029f29314814 method=java.util.Collections$UnmodifiableMap$UnmodifiableEntrySet$1.<init>(Ljava/util/Collections$UnmodifiableMap$UnmodifiableEntrySet;)V @ 17 c2
Event: 10.748 Thread 0x0000029f1de22810 DEOPT PACKING pc=0x0000029f29314814 sp=0x000000f1ba0fbfb0
Event: 10.748 Thread 0x0000029f1de22810 DEOPT UNPACKING pc=0x0000029f28b869a3 sp=0x000000f1ba0fbf10 mode 2
Event: 10.810 Thread 0x0000029f1de22810 Uncommon trap: trap_request=0xffffff45 fr.pc=0x0000029f294deaf0 relative=0x0000000000001050
Event: 10.810 Thread 0x0000029f1de22810 Uncommon trap: reason=unstable_if action=reinterpret pc=0x0000029f294deaf0 method=lombok.launch.PackageShader.apply([B)Z @ 190 c2
Event: 10.810 Thread 0x0000029f1de22810 DEOPT PACKING pc=0x0000029f294deaf0 sp=0x000000f1ba0fc300
Event: 10.810 Thread 0x0000029f1de22810 DEOPT UNPACKING pc=0x0000029f28b869a3 sp=0x000000f1ba0fc2c0 mode 2
Event: 10.813 Thread 0x0000029f1de22810 DEOPT PACKING pc=0x0000029f2244e155 sp=0x000000f1ba0f8bc0
Event: 10.813 Thread 0x0000029f1de22810 DEOPT UNPACKING pc=0x0000029f28b87143 sp=0x000000f1ba0f8060 mode 0
Event: 10.820 Thread 0x0000029f1de22810 DEOPT PACKING pc=0x0000029f2244e155 sp=0x000000f1ba0fc5b0
Event: 10.820 Thread 0x0000029f1de22810 DEOPT UNPACKING pc=0x0000029f28b87143 sp=0x000000f1ba0fba50 mode 0
Event: 10.930 Thread 0x0000029f1de22810 Uncommon trap: trap_request=0xffffff6e fr.pc=0x0000029f293b0c5c relative=0x000000000000013c
Event: 10.930 Thread 0x0000029f1de22810 Uncommon trap: reason=loop_limit_check action=maybe_recompile pc=0x0000029f293b0c5c method=java.util.regex.Pattern$Start.match(Ljava/util/regex/Matcher;ILjava/lang/CharSequence;)Z @ 34 c2
Event: 10.930 Thread 0x0000029f1de22810 DEOPT PACKING pc=0x0000029f293b0c5c sp=0x000000f1ba0fc8c0
Event: 10.930 Thread 0x0000029f1de22810 DEOPT UNPACKING pc=0x0000029f28b869a3 sp=0x000000f1ba0fc850 mode 2

Classes loaded (20 events):
Event: 6.794 Loading class java/util/function/ToIntBiFunction
Event: 6.794 Loading class java/util/function/ToIntBiFunction done
Event: 6.800 Loading class java/nio/file/Path$1
Event: 6.800 Loading class java/nio/file/Path$1 done
Event: 6.935 Loading class java/util/EnumMap$EntrySet
Event: 6.936 Loading class java/util/EnumMap$EntrySet done
Event: 6.936 Loading class java/util/EnumMap$EntryIterator
Event: 6.936 Loading class java/util/EnumMap$EnumMapIterator
Event: 6.936 Loading class java/util/EnumMap$EnumMapIterator done
Event: 6.936 Loading class java/util/EnumMap$EntryIterator done
Event: 6.936 Loading class java/util/EnumMap$EntryIterator$Entry
Event: 6.936 Loading class java/util/EnumMap$EntryIterator$Entry done
Event: 7.079 Loading class java/util/EnumMap$Values
Event: 7.079 Loading class java/util/EnumMap$Values done
Event: 7.079 Loading class java/util/EnumMap$ValueIterator
Event: 7.079 Loading class java/util/EnumMap$ValueIterator done
Event: 7.083 Loading class java/util/WeakHashMap$KeyIterator
Event: 7.083 Loading class java/util/WeakHashMap$KeyIterator done
Event: 10.188 Loading class jdk/internal/module/IllegalAccessLogger
Event: 10.188 Loading class jdk/internal/module/IllegalAccessLogger done

Classes unloaded (20 events):
Event: 10.373 Thread 0x0000029f3797cb00 Unloading class 0x0000029f3935b1d0 'lombok/javac/apt/MessagerDiagnosticsReceiver'
Event: 10.373 Thread 0x0000029f3797cb00 Unloading class 0x0000029f3935ae00 'lombok/javac/apt/InterceptingJavaFileManager'
Event: 10.373 Thread 0x0000029f3797cb00 Unloading class 0x0000029f3935abd0 'lombok/permit/dummy/Parent'
Event: 10.373 Thread 0x0000029f3797cb00 Unloading class 0x0000029f3935a990 'lombok/core/CleanupRegistry'
Event: 10.373 Thread 0x0000029f3797cb00 Unloading class 0x0000029f3935a760 'lombok/permit/Permit$Fake'
Event: 10.373 Thread 0x0000029f3797cb00 Unloading class 0x0000029f3935a538 'lombok/permit/Permit'
Event: 10.373 Thread 0x0000029f3797cb00 Unloading class 0x0000029f3935a318 'lombok/core/DiagnosticsReceiver'
Event: 10.373 Thread 0x0000029f3797cb00 Unloading class 0x0000029f3935a000 'lombok/javac/apt/LombokProcessor$1'
Event: 10.373 Thread 0x0000029f3797cb00 Unloading class 0x0000029f393594b8 'lombok/javac/apt/LombokProcessor'
Event: 10.373 Thread 0x0000029f3797cb00 Unloading class 0x0000029f39359260 'lombok/core/AnnotationProcessor$EcjDescriptor'
Event: 10.373 Thread 0x0000029f3797cb00 Unloading class 0x0000029f39359000 'lombok/core/AnnotationProcessor$JavacDescriptor'
Event: 10.373 Thread 0x0000029f3797cb00 Unloading class 0x0000029f39358aa8 'lombok/core/AnnotationProcessor$ProcessorDescriptor'
Event: 10.373 Thread 0x0000029f3797cb00 Unloading class 0x0000029f39358800 'lombok/core/AnnotationProcessor'
Event: 10.373 Thread 0x0000029f3797cb00 Unloading class 0x0000029f39359a28 'lombok/launch/AnnotationProcessorHider$ClaimingProcessor'
Event: 10.373 Thread 0x0000029f3797cb00 Unloading class 0x0000029f39359800 'lombok/launch/AnnotationProcessorHider$AstModificationNotifierData'
Event: 10.373 Thread 0x0000029f3797cb00 Unloading class 0x0000029f39358338 'lombok/launch/ClassFileMetaData'
Event: 10.373 Thread 0x0000029f3797cb00 Unloading class 0x0000029f3932c4d0 'lombok/launch/PackageShader'
Event: 10.373 Thread 0x0000029f3797cb00 Unloading class 0x0000029f39358000 'lombok/launch/ShadowClassLoader'
Event: 10.373 Thread 0x0000029f3797cb00 Unloading class 0x0000029f3932c2a8 'lombok/launch/Main'
Event: 10.373 Thread 0x0000029f3797cb00 Unloading class 0x0000029f3932c000 'lombok/launch/AnnotationProcessorHider$AnnotationProcessor'

Classes redefined (0 events):
No events

Internal exceptions (20 events):
Event: 10.780 Thread 0x0000029f1de22810 Exception <a 'sun/nio/fs/WindowsException'{0x00000000fff31e28}> (0x00000000fff31e28) 
thrown [s\src\hotspot\share\prims\jni.cpp, line 531]
Event: 10.781 Thread 0x0000029f1de22810 Exception <a 'sun/nio/fs/WindowsException'{0x00000000fff322d8}> (0x00000000fff322d8) 
thrown [s\src\hotspot\share\prims\jni.cpp, line 531]
Event: 10.781 Thread 0x0000029f1de22810 Exception <a 'sun/nio/fs/WindowsException'{0x00000000fff33698}> (0x00000000fff33698) 
thrown [s\src\hotspot\share\prims\jni.cpp, line 531]
Event: 10.781 Thread 0x0000029f1de22810 Exception <a 'sun/nio/fs/WindowsException'{0x00000000fff33ab8}> (0x00000000fff33ab8) 
thrown [s\src\hotspot\share\prims\jni.cpp, line 531]
Event: 10.783 Thread 0x0000029f1de22810 Exception <a 'sun/nio/fs/WindowsException'{0x00000000fff55fd0}> (0x00000000fff55fd0) 
thrown [s\src\hotspot\share\prims\jni.cpp, line 531]
Event: 10.783 Thread 0x0000029f1de22810 Exception <a 'sun/nio/fs/WindowsException'{0x00000000fff563c0}> (0x00000000fff563c0) 
thrown [s\src\hotspot\share\prims\jni.cpp, line 531]
Event: 10.784 Thread 0x0000029f1de22810 Exception <a 'sun/nio/fs/WindowsException'{0x00000000fff57408}> (0x00000000fff57408) 
thrown [s\src\hotspot\share\prims\jni.cpp, line 531]
Event: 10.784 Thread 0x0000029f1de22810 Exception <a 'sun/nio/fs/WindowsException'{0x00000000fff578b8}> (0x00000000fff578b8) 
thrown [s\src\hotspot\share\prims\jni.cpp, line 531]
Event: 10.784 Thread 0x0000029f1de22810 Exception <a 'sun/nio/fs/WindowsException'{0x00000000fff589c8}> (0x00000000fff589c8) 
thrown [s\src\hotspot\share\prims\jni.cpp, line 531]
Event: 10.784 Thread 0x0000029f1de22810 Exception <a 'sun/nio/fs/WindowsException'{0x00000000fff58de8}> (0x00000000fff58de8) 
thrown [s\src\hotspot\share\prims\jni.cpp, line 531]
Event: 10.791 Thread 0x0000029f1de22810 Exception <a 'sun/nio/fs/WindowsException'{0x00000000ffe43518}> (0x00000000ffe43518) 
thrown [s\src\hotspot\share\prims\jni.cpp, line 531]
Event: 10.794 Thread 0x0000029f1de22810 Exception <a 'sun/nio/fs/WindowsException'{0x00000000ffe5d8c8}> (0x00000000ffe5d8c8) 
thrown [s\src\hotspot\share\prims\jni.cpp, line 531]
Event: 10.799 Thread 0x0000029f1de22810 Exception <a 'sun/nio/fs/WindowsException'{0x00000000ffe7a888}> (0x00000000ffe7a888) 
thrown [s\src\hotspot\share\prims\jni.cpp, line 531]
Event: 10.799 Thread 0x0000029f1de22810 Exception <a 'sun/nio/fs/WindowsException'{0x00000000ffe7b050}> (0x00000000ffe7b050) 
thrown [s\src\hotspot\share\prims\jni.cpp, line 531]
Event: 10.799 Thread 0x0000029f1de22810 Exception <a 'sun/nio/fs/WindowsException'{0x00000000ffe7b610}> (0x00000000ffe7b610) 
thrown [s\src\hotspot\share\prims\jni.cpp, line 531]
Event: 10.799 Thread 0x0000029f1de22810 Exception <a 'sun/nio/fs/WindowsException'{0x00000000ffe7bdb0}> (0x00000000ffe7bdb0) 
thrown [s\src\hotspot\share\prims\jni.cpp, line 531]
Event: 10.799 Thread 0x0000029f1de22810 Exception <a 'sun/nio/fs/WindowsException'{0x00000000ffe7c198}> (0x00000000ffe7c198) 
thrown [s\src\hotspot\share\prims\jni.cpp, line 531]
Event: 10.799 Thread 0x0000029f1de22810 Exception <a 'sun/nio/fs/WindowsException'{0x00000000ffe7cea8}> (0x00000000ffe7cea8) 
thrown [s\src\hotspot\share\prims\jni.cpp, line 531]
Event: 10.799 Thread 0x0000029f1de22810 Exception <a 'sun/nio/fs/WindowsException'{0x00000000ffe7d268}> (0x00000000ffe7d268) 
thrown [s\src\hotspot\share\prims\jni.cpp, line 531]
Event: 10.799 Thread 0x0000029f1de22810 Exception <a 'sun/nio/fs/WindowsException'{0x00000000ffe7df70}> (0x00000000ffe7df70) 
thrown [s\src\hotspot\share\prims\jni.cpp, line 531]

VM Operations (20 events):
Event: 9.710 Executing VM operation: G1TryInitiateConcMark done
Event: 9.785 Executing VM operation: G1PauseRemark
Event: 9.792 Executing VM operation: G1PauseRemark done
Event: 9.815 Executing VM operation: G1PauseCleanup
Event: 9.816 Executing VM operation: G1PauseCleanup done
Event: 9.839 Executing VM operation: HandshakeAllThreads
Event: 9.839 Executing VM operation: HandshakeAllThreads done
Event: 9.934 Executing VM operation: G1CollectForAllocation
Event: 9.942 Executing VM operation: G1CollectForAllocation done
Event: 9.956 Executing VM operation: G1CollectForAllocation
Event: 9.963 Executing VM operation: G1CollectForAllocation done
Event: 10.319 Executing VM operation: G1CollectForAllocation
Event: 10.325 Executing VM operation: G1CollectForAllocation done
Event: 10.371 Executing VM operation: G1PauseRemark
Event: 10.386 Executing VM operation: G1PauseRemark done
Event: 10.411 Executing VM operation: G1PauseCleanup
Event: 10.411 Executing VM operation: G1PauseCleanup done
Event: 10.773 Executing VM operation: G1CollectForAllocation
Event: 10.777 Executing VM operation: G1CollectForAllocation done
Event: 10.961 Executing VM operation: G1CollectForAllocation

Events (20 events):
Event: 5.066 Thread 0x0000029f3799f0f0 flushing nmethod 0x0000029f220cf410
Event: 5.066 Thread 0x0000029f3799f0f0 flushing nmethod 0x0000029f220cf990
Event: 5.066 Thread 0x0000029f3799f0f0 flushing nmethod 0x0000029f220cff10
Event: 5.066 Thread 0x0000029f3799f0f0 flushing nmethod 0x0000029f220d0490
Event: 5.066 Thread 0x0000029f3799f0f0 flushing nmethod 0x0000029f220d0a10
Event: 5.066 Thread 0x0000029f3799f0f0 flushing nmethod 0x0000029f220d1510
Event: 5.066 Thread 0x0000029f3799f0f0 flushing nmethod 0x0000029f220d2210
Event: 5.066 Thread 0x0000029f3799f0f0 flushing nmethod 0x0000029f220d2790
Event: 5.066 Thread 0x0000029f3799f0f0 flushing nmethod 0x0000029f220d2d10
Event: 5.066 Thread 0x0000029f3799f0f0 flushing nmethod 0x0000029f220d3510
Event: 5.066 Thread 0x0000029f3799f0f0 flushing nmethod 0x0000029f220d3b90
Event: 5.066 Thread 0x0000029f3799f0f0 flushing nmethod 0x0000029f220d4190
Event: 5.066 Thread 0x0000029f3799f0f0 flushing nmethod 0x0000029f220d6990
Event: 7.936 Thread 0x0000029f7f464f90 Thread exited: 0x0000029f7f464f90
Event: 9.434 Thread 0x0000029f7f4664d0 Thread added: 0x0000029f7f4664d0
Event: 9.843 Thread 0x0000029f3799f0f0 flushing nmethod 0x0000029f21855910
Event: 10.668 Thread 0x0000029f7f4664d0 Thread exited: 0x0000029f7f4664d0
Event: 10.770 Thread 0x0000029f7f466f70 Thread added: 0x0000029f7f466f70
Event: 10.790 Thread 0x0000029f7f464f90 Thread added: 0x0000029f7f464f90
Event: 10.922 Thread 0x0000029f7f464f90 Thread exited: 0x0000029f7f464f90


Dynamic libraries:
0x00007ff716450000 - 0x00007ff71645a000 	C:\Users\mmaar\.jdks\jbr-17.0.12\bin\java.exe
0x00007ffc897c0000 - 0x00007ffc89a23000 	C:\WINDOWS\SYSTEM32\ntdll.dll
0x00007ffc88990000 - 0x00007ffc88a57000 	C:\WINDOWS\System32\KERNEL32.DLL
0x00007ffc870b0000 - 0x00007ffc87477000 	C:\WINDOWS\System32\KERNELBASE.dll
0x00007ffc86f60000 - 0x00007ffc870ac000 	C:\WINDOWS\System32\ucrtbase.dll
0x00007ffc68660000 - 0x00007ffc6867b000 	C:\Users\mmaar\.jdks\jbr-17.0.12\bin\VCRUNTIME140.dll
0x00007ffc68640000 - 0x00007ffc68657000 	C:\Users\mmaar\.jdks\jbr-17.0.12\bin\jli.dll
0x00007ffc88250000 - 0x00007ffc88419000 	C:\WINDOWS\System32\USER32.dll
0x00007ffc86f30000 - 0x00007ffc86f57000 	C:\WINDOWS\System32\win32u.dll
0x00007ffc6b4a0000 - 0x00007ffc6b730000 	C:\WINDOWS\WinSxS\amd64_microsoft.windows.common-controls_6595b64144ccf1df_6.0.26100.3037_none_3e09262ce333c378\COMCTL32.dll
0x00007ffc88960000 - 0x00007ffc8898a000 	C:\WINDOWS\System32\GDI32.dll
0x00007ffc87f00000 - 0x00007ffc87fa9000 	C:\WINDOWS\System32\msvcrt.dll
0x00007ffc86d70000 - 0x00007ffc86e9b000 	C:\WINDOWS\System32\gdi32full.dll
0x00007ffc86b60000 - 0x00007ffc86c03000 	C:\WINDOWS\System32\msvcp_win.dll
0x00007ffc88b90000 - 0x00007ffc88bbf000 	C:\WINDOWS\System32\IMM32.DLL
0x00007ffc7b090000 - 0x00007ffc7b09c000 	C:\Users\mmaar\.jdks\jbr-17.0.12\bin\vcruntime140_1.dll
0x00007ffc5d5b0000 - 0x00007ffc5d63d000 	C:\Users\mmaar\.jdks\jbr-17.0.12\bin\msvcp140.dll
0x00007ffc26db0000 - 0x00007ffc27a3a000 	C:\Users\mmaar\.jdks\jbr-17.0.12\bin\server\jvm.dll
0x00007ffc88bd0000 - 0x00007ffc88c84000 	C:\WINDOWS\System32\ADVAPI32.dll
0x00007ffc89570000 - 0x00007ffc89616000 	C:\WINDOWS\System32\sechost.dll
0x00007ffc88a60000 - 0x00007ffc88b76000 	C:\WINDOWS\System32\RPCRT4.dll
0x00007ffc88890000 - 0x00007ffc88904000 	C:\WINDOWS\System32\WS2_32.dll
0x00007ffc857e0000 - 0x00007ffc8582e000 	C:\WINDOWS\SYSTEM32\POWRPROF.dll
0x00007ffc72d00000 - 0x00007ffc72d36000 	C:\WINDOWS\SYSTEM32\WINMM.dll
0x00007ffc81ea0000 - 0x00007ffc81eab000 	C:\WINDOWS\SYSTEM32\VERSION.dll
0x00007ffc857c0000 - 0x00007ffc857d4000 	C:\WINDOWS\SYSTEM32\UMPDC.dll
0x00007ffc85aa0000 - 0x00007ffc85aba000 	C:\WINDOWS\SYSTEM32\kernel.appcore.dll
0x00007ffc7aa00000 - 0x00007ffc7aa0a000 	C:\Users\mmaar\.jdks\jbr-17.0.12\bin\jimage.dll
0x00007ffc84520000 - 0x00007ffc84761000 	C:\WINDOWS\SYSTEM32\DBGHELP.DLL
0x00007ffc88450000 - 0x00007ffc887ce000 	C:\WINDOWS\System32\combase.dll
0x00007ffc88f50000 - 0x00007ffc89026000 	C:\WINDOWS\System32\OLEAUT32.dll
0x00007ffc6e870000 - 0x00007ffc6e8a9000 	C:\WINDOWS\SYSTEM32\dbgcore.DLL
0x00007ffc86cd0000 - 0x00007ffc86d69000 	C:\WINDOWS\System32\bcryptPrimitives.dll
0x00007ffc79b10000 - 0x00007ffc79b1e000 	C:\Users\mmaar\.jdks\jbr-17.0.12\bin\instrument.dll
0x00007ffc65e80000 - 0x00007ffc65ea5000 	C:\Users\mmaar\.jdks\jbr-17.0.12\bin\java.dll
0x00007ffc5d4d0000 - 0x00007ffc5d5a7000 	C:\Users\mmaar\.jdks\jbr-17.0.12\bin\jsvml.dll
0x00007ffc87600000 - 0x00007ffc87d04000 	C:\WINDOWS\System32\SHELL32.dll
0x00007ffc84870000 - 0x00007ffc850a7000 	C:\WINDOWS\SYSTEM32\windows.storage.dll
0x00007ffc88160000 - 0x00007ffc88249000 	C:\WINDOWS\System32\SHCORE.dll
0x00007ffc88c90000 - 0x00007ffc88ced000 	C:\WINDOWS\System32\shlwapi.dll
0x00007ffc86a70000 - 0x00007ffc86a9e000 	C:\WINDOWS\SYSTEM32\profapi.dll
0x00007ffc67a10000 - 0x00007ffc67a28000 	C:\Users\mmaar\.jdks\jbr-17.0.12\bin\zip.dll
0x00007ffc65840000 - 0x00007ffc65859000 	C:\Users\mmaar\.jdks\jbr-17.0.12\bin\net.dll
0x00007ffc7a350000 - 0x00007ffc7a46e000 	C:\WINDOWS\SYSTEM32\WINHTTP.dll
0x00007ffc85fb0000 - 0x00007ffc8601a000 	C:\WINDOWS\system32\mswsock.dll
0x00007ffc64730000 - 0x00007ffc64746000 	C:\Users\mmaar\.jdks\jbr-17.0.12\bin\nio.dll
0x00007ffc64620000 - 0x00007ffc6463a000 	C:\Program Files\JetBrains\IntelliJ IDEA Community Edition 2024.2.2\bin\breakgen64.dll
0x00007ffc77a30000 - 0x00007ffc77a39000 	C:\Users\mmaar\.jdks\jbr-17.0.12\bin\extnet.dll
0x00007ffc6d960000 - 0x00007ffc6d984000 	C:\Users\mmaar\AppData\Local\Temp\jansi-2.4.1-5cd7adfdb2b43b49-jansi.dll
0x00007ffc771e0000 - 0x00007ffc771f0000 	C:\Users\mmaar\.jdks\jbr-17.0.12\bin\verify.dll

dbghelp: loaded successfully - version: 4.0.5 - missing functions: none
symbol engine: initialized successfully - sym options: 0x614 - pdb path: .;C:\Users\mmaar\.jdks\jbr-17.0.12\bin;C:\WINDOWS\SYSTEM32;C:\WINDOWS\WinSxS\amd64_microsoft.windows.common-controls_6595b64144ccf1df_6.0.26100.3037_none_3e09262ce333c378;C:\Users\mmaar\.jdks\jbr-17.0.12\bin\server;C:\Program Files\JetBrains\IntelliJ IDEA Community Edition 2024.2.2\bin;C:\Users\mmaar\AppData\Local\Temp

VM Arguments:
jvm_args: -Dmaven.multiModuleProjectDirectory=F:\Virtusa-FullStack-Training\Repo\news-app\news-website-backend-app\favourite-service -Djansi.passthrough=true -Dmaven.home=C:\Program Files\JetBrains\IntelliJ IDEA Community Edition 2024.2.2\plugins\maven\lib\maven3 -Dclassworlds.conf=C:\Program Files\JetBrains\IntelliJ IDEA Community Edition 2024.2.2\plugins\maven\lib\maven3\bin\m2.conf -Dmaven.ext.class.path=C:\Program Files\JetBrains\IntelliJ IDEA Community Edition 2024.2.2\plugins\maven\lib\maven-event-listener.jar -javaagent:C:\Program Files\JetBrains\IntelliJ IDEA Community Edition 2024.2.2\lib\idea_rt.jar=9563:C:\Program Files\JetBrains\IntelliJ IDEA Community Edition 2024.2.2\bin -Dfile.encoding=UTF-8 
java_command: org.codehaus.classworlds.Launcher -Didea.version=2024.2.2 install
java_class_path (initial): C:\Program Files\JetBrains\IntelliJ IDEA Community Edition 2024.2.2\plugins\maven\lib\maven3\boot\plexus-classworlds-2.8.0.jar;C:\Program Files\JetBrains\IntelliJ IDEA Community Edition 2024.2.2\plugins\maven\lib\maven3\boot\plexus-classworlds.license
Launcher Type: SUN_STANDARD

[Global flags]
     intx CICompilerCount                          = 4                                         {product} {ergonomic}
     uint ConcGCThreads                            = 2                                         {product} {ergonomic}
     uint G1ConcRefinementThreads                  = 8                                         {product} {ergonomic}
   size_t G1HeapRegionSize                         = 1048576                                   {product} {ergonomic}
    uintx GCDrainStackTargetSize                   = 64                                        {product} {ergonomic}
   size_t InitialHeapSize                          = 132120576                                 {product} {ergonomic}
   size_t MarkStackSize                            = 4194304                                   {product} {ergonomic}
   size_t MaxHeapSize                              = 2097152000                                {product} {ergonomic}
   size_t MaxNewSize                               = 1258291200                                {product} {ergonomic}
   size_t MinHeapDeltaBytes                        = 1048576                                   {product} {ergonomic}
   size_t MinHeapSize                              = 8388608                                   {product} {ergonomic}
    uintx NonNMethodCodeHeapSize                   = 5839372                                {pd product} {ergonomic}
    uintx NonProfiledCodeHeapSize                  = 122909434                              {pd product} {ergonomic}
    uintx ProfiledCodeHeapSize                     = 122909434                              {pd product} {ergonomic}
    uintx ReservedCodeCacheSize                    = 251658240                              {pd product} {ergonomic}
     bool SegmentedCodeCache                       = true                                      {product} {ergonomic}
   size_t SoftMaxHeapSize                          = 2097152000                             {manageable} {ergonomic}
     bool UseCompressedClassPointers               = true                           {product lp64_product} {ergonomic}
     bool UseCompressedOops                        = true                           {product lp64_product} {ergonomic}
     bool UseG1GC                                  = true                                      {product} {ergonomic}
     bool UseLargePagesIndividualAllocation        = false                                  {pd product} {ergonomic}

Logging:
Log output configuration:
 #0: stdout all=warning uptime,level,tags
 #1: stderr all=off uptime,level,tags

Environment Variables:
PATH=C:\Program Files (x86)\Common Files\Oracle\Java\java8path;C:\Program Files (x86)\Common Files\Oracle\Java\javapath;C:\WINDOWS\system32;C:\WINDOWS;C:\WINDOWS\System32\Wbem;C:\WINDOWS\System32\WindowsPowerShell\v1.0\;C:\WINDOWS\System32\OpenSSH\;C:\Program Files\Microsoft VS Code\bin;C:\Program Files\NVIDIA Corporation\NVIDIA NvDLISR;C:\Program Files (x86)\NVIDIA Corporation\PhysX\Common;C:\Program Files\Docker\Docker\resources\bin;C:\Program Files\nodejs\;C:\Program Files\Git\cmd;C:\Program Files\MySQL\MySQL Shell 8.0\bin\;C:\Users\mmaar\AppData\Local\Microsoft\WindowsApps;C:\Users\mmaar\AppData\Local\GitHubDesktop\bin;C:\Program Files\JetBrains\IntelliJ IDEA 2024.1\bin;;C:\Program Files\JetBrains\IntelliJ IDEA Community Edition 2024.2.2\bin;;C:\Users\mmaar\AppData\Roaming\npm;C:\Program Files\nodejs;
USERNAME=mmaar
OS=Windows_NT
PROCESSOR_IDENTIFIER=Intel64 Family 6 Model 142 Stepping 12, GenuineIntel
TMP=C:\Users\mmaar\AppData\Local\Temp
TEMP=C:\Users\mmaar\AppData\Local\Temp



Periodic native trim disabled

JNI global refs:
JNI global refs: 15, weak refs: 0

JNI global refs memory usage: 843, weak refs: 841

Process memory usage:
Resident Set Size: 307496K (3% of 8187892K total physical memory with 819780K free physical memory)

OOME stack traces (most recent first):
Classloader memory used:
Loader org.codehaus.plexus.classworlds.realm.ClassRealm                                : 1781K
Loader jdk.internal.loader.ClassLoaders$AppClassLoader                                 : 1088K
Loader bootstrap                                                                       : 758K
Loader lombok.launch.ShadowClassLoader                                                 : 166K
Loader jdk.internal.loader.ClassLoaders$PlatformClassLoader                            : 74701B
Loader jdk.internal.reflect.DelegatingClassLoader                                      : 15610B
Loader java.net.URLClassLoader                                                         : 9473B
Loader org.eclipse.sisu.space.CloningClassSpace$CloningClassLoader                     : 5345B

Classes loaded by more than one classloader:
Class org.codehaus.plexus.interpolation.InterpolationException                        : loaded 2 times (x 81B)
Class org.codehaus.plexus.interpolation.InterpolationPostProcessor                    : loaded 2 times (x 68B)
Class org.codehaus.plexus.util.DirectoryScanner                                       : loaded 2 times (x 113B)
Class org.codehaus.plexus.interpolation.AbstractDelegatingValueSource                 : loaded 2 times (x 79B)
Class org.codehaus.plexus.interpolation.BasicInterpolator                             : loaded 2 times (x 68B)
Class org.codehaus.plexus.util.Scanner                                                : loaded 2 times (x 68B)
Class org.codehaus.plexus.interpolation.PrefixedObjectValueSource                     : loaded 2 times (x 83B)
Class [Lorg.codehaus.plexus.util.MatchPattern;                                        : loaded 2 times (x 67B)
Class org.codehaus.plexus.interpolation.ValueSource                                   : loaded 2 times (x 68B)
Class org.codehaus.plexus.util.AbstractScanner                                        : loaded 2 times (x 98B)
Class org.codehaus.plexus.util.MatchPattern                                           : loaded 2 times (x 76B)
Class org.codehaus.plexus.interpolation.RecursionInterceptor                          : loaded 2 times (x 68B)
Class org.apache.maven.shared.utils.logging.MessageBuilder                            : loaded 2 times (x 68B)
Class org.apache.maven.shared.utils.logging.AnsiMessageBuilder                        : loaded 2 times (x 124B)
Class org.codehaus.plexus.interpolation.ObjectBasedValueSource                        : loaded 2 times (x 80B)
Class org.codehaus.plexus.interpolation.SimpleRecursionInterceptor                    : loaded 2 times (x 82B)
Class org.codehaus.plexus.interpolation.PrefixAwareRecursionInterceptor               : loaded 2 times (x 82B)
Class [Lorg.apache.maven.shared.utils.logging.Style;                                  : loaded 2 times (x 67B)
Class org.codehaus.plexus.interpolation.PropertiesBasedValueSource                    : loaded 2 times (x 80B)
Class org.codehaus.plexus.interpolation.PrefixedValueSourceWrapper                    : loaded 2 times (x 84B)
Class org.codehaus.plexus.interpolation.QueryEnabledValueSource                       : loaded 2 times (x 68B)
Class org.codehaus.plexus.interpolation.AbstractValueSource                           : loaded 2 times (x 80B)
Class org.codehaus.plexus.util.MatchPatterns                                          : loaded 2 times (x 74B)
Class org.apache.maven.shared.utils.logging.MessageUtils$1                            : loaded 2 times (x 85B)
Class org.apache.maven.shared.utils.logging.Style                                     : loaded 2 times (x 78B)
Class org.apache.maven.shared.utils.logging.LoggerLevelRenderer                       : loaded 2 times (x 68B)
Class org.codehaus.plexus.interpolation.InterpolationCycleException                   : loaded 2 times (x 81B)
Class org.codehaus.plexus.util.SelectorUtils                                          : loaded 2 times (x 69B)
Class org.codehaus.plexus.interpolation.FeedbackEnabledValueSource                    : loaded 2 times (x 68B)
Class org.codehaus.plexus.util.StringUtils                                            : loaded 2 times (x 69B)
Class org.apache.maven.shared.utils.logging.MessageUtils                              : loaded 2 times (x 69B)
Class org.codehaus.plexus.interpolation.Interpolator                                  : loaded 2 times (x 68B)


---------------  S Y S T E M  ---------------

OS:
 Windows 11 , 64 bit Build 26100 (10.0.26100.3037)
OS uptime: 5 days 23:49 hours
Hyper-V role detected

CPU: total 8 (initial active 8) (4 cores per cpu, 2 threads per core) family 6 model 142 stepping 12 microcode 0xf0, cx8, cmov, fxsr, ht, mmx, 3dnowpref, sse, sse2, sse3, ssse3, sse4.1, sse4.2, popcnt, lzcnt, tsc, tscinvbit, avx, avx2, aes, erms, clmul, bmi1, bmi2, adx, fma, vzeroupper, clflush, clflushopt, hv
Processor Information for all 8 processors :
  Max Mhz: 2112, Current Mhz: 1609, Mhz Limit: 1605

Memory: 4k page, system-wide physical 7995M (800M free)
TotalPageFile size 16187M (AvailPageFile size 43M)
current process WorkingSet (physical memory assigned to process): 300M, peak: 300M
current process commit charge ("private bytes"): 332M, peak: 433M

vm_info: OpenJDK 64-Bit Server VM (17.0.12+1-b1207.37) for windows-amd64 JRE (17.0.12+1-b1207.37), built on 2024-09-25 by "builduser" with MS VC++ 16.10 / 16.11 (VS2019)

END.
