#
# There is insufficient memory for the Java Runtime Environment to continue.
# Native memory allocation (mmap) failed to map 144703488 bytes. Error detail: G1 virtual space
# Possible reasons:
#   The system is out of physical RAM or swap space
#   This process is running with CompressedOops enabled, and the Java Heap may be blocking the growth of the native heap
# Possible solutions:
#   Reduce memory load on the system
#   Increase physical memory or swap space
#   Check if swap backing store is full
#   Decrease Java heap size (-Xmx/-Xms)
#   Decrease number of Java threads
#   Decrease Java thread stack sizes (-Xss)
#   Set larger code cache with -XX:ReservedCodeCacheSize=
#   JVM is running with Unscaled Compressed Oops mode in which the Java heap is
#     placed in the first 4GB address space. The Java Heap base address is the
#     maximum limit for the native heap growth. Please use -XX:HeapBaseMinAddress
#     to set the Java Heap base and to place the Java Heap above 4GB virtual address.
# This output file may be truncated or incomplete.
#
#  Out of Memory Error (os_windows.cpp:3825), pid=6316, tid=8568
#
# JRE version: OpenJDK Runtime Environment JBR-17.0.12+1-1207.37-nomod (17.0.12+1) (build 17.0.12+1-b1207.37)
# Java VM: OpenJDK 64-Bit Server VM JBR-17.0.12+1-1207.37-nomod (17.0.12+1-b1207.37, mixed mode, sharing, tiered, compressed oops, compressed class ptrs, g1 gc, windows-amd64)
# No core dump will be written. Minidumps are not enabled by default on client versions of Windows
#

---------------  S U M M A R Y ------------

Command Line: -Dmaven.multiModuleProjectDirectory=F:\Virtusa-FullStack-Training\Repo\news-app\news-website-backend-app\favourite-service -Djansi.passthrough=true -Dmaven.home=C:\Program Files\JetBrains\IntelliJ IDEA Community Edition 2024.2.2\plugins\maven\lib\maven3 -Dclassworlds.conf=C:\Program Files\JetBrains\IntelliJ IDEA Community Edition 2024.2.2\plugins\maven\lib\maven3\bin\m2.conf -Dmaven.ext.class.path=C:\Program Files\JetBrains\IntelliJ IDEA Community Edition 2024.2.2\plugins\maven\lib\maven-event-listener.jar -javaagent:C:\Program Files\JetBrains\IntelliJ IDEA Community Edition 2024.2.2\lib\idea_rt.jar=11326:C:\Program Files\JetBrains\IntelliJ IDEA Community Edition 2024.2.2\bin -Dfile.encoding=UTF-8 org.codehaus.classworlds.Launcher -Didea.version=2024.2.2 install

Host: Intel(R) Core(TM) i5-10210U CPU @ 1.60GHz, 8 cores, 7G,  Windows 11 , 64 bit Build 26100 (10.0.26100.3037)
Time: Tue Mar 11 21:45:54 2025 India Standard Time elapsed time: 18.614615 seconds (0d 0h 0m 18s)

---------------  T H R E A D  ---------------

Current thread (0x00000184c6d1f230):  VMThread "VM Thread" [stack: 0x0000005b2dc00000,0x0000005b2dd00000] [id=8568]

Stack: [0x0000005b2dc00000,0x0000005b2dd00000]
Native frames: (J=compiled Java code, j=interpreted, Vv=VM code, C=native code)
V  [jvm.dll+0x689d89]  os::platform_print_native_stack+0xd9  (os_windows_x86.cpp:235)
V  [jvm.dll+0x84386a]  VMError::report+0xc6a  (vmError.cpp:868)
V  [jvm.dll+0x8454ee]  VMError::report_and_die+0x78e  (vmError.cpp:1766)
V  [jvm.dll+0x845b53]  VMError::report_and_die+0x43  (vmError.cpp:1552)
V  [jvm.dll+0x24a56f]  report_vm_out_of_memory+0x8f  (debug.cpp:321)
V  [jvm.dll+0x686ad9]  os::pd_commit_memory_or_exit+0xc9  (os_windows.cpp:3833)
V  [jvm.dll+0x67b3da]  os::commit_memory_or_exit+0x2a  (os.cpp:1740)
V  [jvm.dll+0x30b15b]  G1PageBasedVirtualSpace::commit+0x19b  (g1PageBasedVirtualSpace.cpp:204)
V  [jvm.dll+0x312646]  G1RegionsLargerThanCommitSizeMapper::commit_regions+0x96  (g1RegionToSpaceMapper.cpp:100)
V  [jvm.dll+0x36288e]  HeapRegionManager::expand_any+0xee  (heapRegionManager.cpp:363)
V  [jvm.dll+0x362acf]  HeapRegionManager::expand_by+0x7f  (heapRegionManager.cpp:380)
V  [jvm.dll+0x2e125c]  G1CollectedHeap::expand+0xbc  (g1CollectedHeap.cpp:1292)
V  [jvm.dll+0x2df61f]  G1CollectedHeap::do_collection_pause_at_safepoint_helper+0x8bf  (g1CollectedHeap.cpp:3093)
V  [jvm.dll+0x2ded4c]  G1CollectedHeap::do_collection_pause_at_safepoint+0x5c  (g1CollectedHeap.cpp:2897)
V  [jvm.dll+0x323681]  VM_G1TryInitiateConcMark::doit+0x81  (g1VMOperations.cpp:98)
V  [jvm.dll+0x84a24d]  VM_Operation::evaluate+0xfd  (vmOperations.cpp:73)
V  [jvm.dll+0x84af92]  VMThread::evaluate_operation+0xd2  (vmThread.cpp:269)
V  [jvm.dll+0x84b4bf]  VMThread::inner_execute+0x1af  (vmThread.cpp:417)
V  [jvm.dll+0x84b8a4]  VMThread::loop+0x254  (vmThread.cpp:481)
V  [jvm.dll+0x84b970]  VMThread::run+0x70  (vmThread.cpp:167)
V  [jvm.dll+0x7f1cec]  Thread::call_run+0x8c  (thread.cpp:405)
V  [jvm.dll+0x688be7]  thread_native_entry+0x77  (os_windows.cpp:550)
C  [ucrtbase.dll+0x37b0]
C  [KERNEL32.DLL+0x2e8d7]
C  [ntdll.dll+0xbbf2c]

VM_Operation (0x0000005b2d6fc330): G1TryInitiateConcMark, mode: safepoint, requested by thread 0x00000184acda2f30


---------------  P R O C E S S  ---------------

Threads class SMR info:
_java_thread_list=0x00000185106feb10, length=15, elements={
0x00000184acda2f30, 0x00000184c6d23ce0, 0x00000184c6d264c0, 0x00000184c6d36890,
0x00000184c6d37060, 0x00000184c6d39640, 0x00000184c6d41c20, 0x00000184c6d4da40,
0x00000184c6d5e110, 0x00000184c6d60730, 0x000001850c0cfd90, 0x000001850c1d86f0,
0x000001850c15bd70, 0x000001850d388ea0, 0x000001850c610e60
}

Java Threads: ( => current thread )
  0x00000184acda2f30 JavaThread "main" [_thread_blocked, id=4024, stack(0x0000005b2d600000,0x0000005b2d700000)]
  0x00000184c6d23ce0 JavaThread "Reference Handler" daemon [_thread_blocked, id=23128, stack(0x0000005b2dd00000,0x0000005b2de00000)]
  0x00000184c6d264c0 JavaThread "Finalizer" daemon [_thread_blocked, id=26588, stack(0x0000005b2de00000,0x0000005b2df00000)]
  0x00000184c6d36890 JavaThread "Signal Dispatcher" daemon [_thread_blocked, id=21892, stack(0x0000005b2df00000,0x0000005b2e000000)]
  0x00000184c6d37060 JavaThread "Attach Listener" daemon [_thread_blocked, id=11256, stack(0x0000005b2e000000,0x0000005b2e100000)]
  0x00000184c6d39640 JavaThread "Service Thread" daemon [_thread_blocked, id=10300, stack(0x0000005b2e100000,0x0000005b2e200000)]
  0x00000184c6d41c20 JavaThread "Monitor Deflation Thread" daemon [_thread_blocked, id=25776, stack(0x0000005b2e200000,0x0000005b2e300000)]
  0x00000184c6d4da40 JavaThread "C2 CompilerThread0" daemon [_thread_blocked, id=19976, stack(0x0000005b2e300000,0x0000005b2e400000)]
  0x00000184c6d5e110 JavaThread "C1 CompilerThread0" daemon [_thread_blocked, id=11424, stack(0x0000005b2e400000,0x0000005b2e500000)]
  0x00000184c6d60730 JavaThread "Sweeper thread" daemon [_thread_blocked, id=8048, stack(0x0000005b2e500000,0x0000005b2e600000)]
  0x000001850c0cfd90 JavaThread "Common-Cleaner" daemon [_thread_blocked, id=25892, stack(0x0000005b2e600000,0x0000005b2e700000)]
  0x000001850c1d86f0 JavaThread "Monitor Ctrl-Break" daemon [_thread_in_native, id=24884, stack(0x0000005b2e700000,0x0000005b2e800000)]
  0x000001850c15bd70 JavaThread "Notification Thread" daemon [_thread_blocked, id=15584, stack(0x0000005b2e800000,0x0000005b2e900000)]
  0x000001850d388ea0 JavaThread "Thread-1" daemon [_thread_blocked, id=10328, stack(0x0000005b2f200000,0x0000005b2f300000)]
  0x000001850c610e60 JavaThread "C2 CompilerThread1" daemon [_thread_blocked, id=18460, stack(0x0000005b2f100000,0x0000005b2f200000)]

Other Threads:
=>0x00000184c6d1f230 VMThread "VM Thread" [stack: 0x0000005b2dc00000,0x0000005b2dd00000] [id=8568]
  0x000001850c20bc10 WatcherThread [stack: 0x0000005b2e900000,0x0000005b2ea00000] [id=364]
  0x00000184ace00930 GCTaskThread "GC Thread#0" [stack: 0x0000005b2d700000,0x0000005b2d800000] [id=18768]
  0x000001850cbf3430 GCTaskThread "GC Thread#1" [stack: 0x0000005b2eb00000,0x0000005b2ec00000] [id=26392]
  0x000001850d46ba00 GCTaskThread "GC Thread#2" [stack: 0x0000005b2ec00000,0x0000005b2ed00000] [id=23372]
  0x000001850cd2cf60 GCTaskThread "GC Thread#3" [stack: 0x0000005b2ed00000,0x0000005b2ee00000] [id=12436]
  0x000001850cf19720 GCTaskThread "GC Thread#4" [stack: 0x0000005b2ee00000,0x0000005b2ef00000] [id=7312]
  0x000001850cf199e0 GCTaskThread "GC Thread#5" [stack: 0x0000005b2ef00000,0x0000005b2f000000] [id=23880]
  0x000001850cf19ca0 GCTaskThread "GC Thread#6" [stack: 0x0000005b2f000000,0x0000005b2f100000] [id=21964]
  0x000001850c5753d0 GCTaskThread "GC Thread#7" [stack: 0x0000005b2ea00000,0x0000005b2eb00000] [id=13260]
  0x00000184ace113e0 ConcurrentGCThread "G1 Main Marker" [stack: 0x0000005b2d800000,0x0000005b2d900000] [id=23776]
  0x00000184ace13820 ConcurrentGCThread "G1 Conc#0" [stack: 0x0000005b2d900000,0x0000005b2da00000] [id=14832]
  0x000001850db60190 ConcurrentGCThread "G1 Conc#1" [stack: 0x0000005b2f400000,0x0000005b2f500000] [id=7180]
  0x00000184c6bd64f0 ConcurrentGCThread "G1 Refine#0" [stack: 0x0000005b2da00000,0x0000005b2db00000] [id=22104]
  0x00000184c6bd99f0 ConcurrentGCThread "G1 Service" [stack: 0x0000005b2db00000,0x0000005b2dc00000] [id=15300]

Threads with active compile tasks:
C2 CompilerThread0    19058 7298       4       com.sun.tools.javac.code.Symtab::enterClass (71 bytes)
C2 CompilerThread1    19058 7297       4       com.sun.tools.javac.code.Symtab::lookupPackage (259 bytes)

VM state: at safepoint (normal execution)

VM Mutex/Monitor currently owned by a thread:  ([mutex/lock_event])
[0x00000184acd9e040] Threads_lock - owner thread: 0x00000184c6d1f230
[0x00000184acd9dc50] Heap_lock - owner thread: 0x00000184acda2f30

Heap address: 0x0000000083000000, size: 2000 MB, Compressed Oops mode: 32-bit

CDS archive(s) mapped at: [0x00000184c7000000-0x00000184c7c00000-0x00000184c7c00000), size 12582912, SharedBaseAddress: 0x00000184c7000000, ArchiveRelocationMode: 1.
Compressed class space mapped at: 0x00000184c8000000-0x0000018508000000, reserved size: 1073741824
Narrow klass base: 0x00000184c7000000, Narrow klass shift: 0, Narrow klass range: 0x100000000

GC Precious Log:
 CPUs: 8 total, 8 available
 Memory: 7995M
 Large Page Support: Disabled
 NUMA Support: Disabled
 Compressed Oops: Enabled (32-bit)
 Heap Region Size: 1M
 Heap Min Capacity: 8M
 Heap Initial Capacity: 126M
 Heap Max Capacity: 2000M
 Pre-touch: Disabled
 Parallel Workers: 8
 Concurrent Workers: 2
 Concurrent Refinement Workers: 8
 Periodic GC: Disabled

Heap:
 garbage-first heap   total 133120K, used 68649K [0x0000000083000000, 0x0000000100000000)
  region size 1024K, 4 young (4096K), 4 survivors (4096K)
 Metaspace       used 31450K, committed 31808K, reserved 1114112K
  class space    used 3749K, committed 3904K, reserved 1048576K

Heap Regions: E=young(eden), S=young(survivor), O=old, HS=humongous(starts), HC=humongous(continues), CS=collection set, F=free, OA=open archive, CA=closed archive, TAMS=top-at-mark-start (previous, next)
|   0|0x0000000083000000, 0x0000000083100000, 0x0000000083100000|100%| O|  |TAMS 0x0000000083100000, 0x0000000083100000| Untracked 
|   1|0x0000000083100000, 0x0000000083200000, 0x0000000083200000|100%| O|  |TAMS 0x0000000083200000, 0x0000000083200000| Untracked 
|   2|0x0000000083200000, 0x0000000083300000, 0x0000000083300000|100%| O|  |TAMS 0x0000000083300000, 0x0000000083300000| Untracked 
|   3|0x0000000083300000, 0x0000000083400000, 0x0000000083400000|100%| O|  |TAMS 0x0000000083400000, 0x0000000083400000| Untracked 
|   4|0x0000000083400000, 0x0000000083500000, 0x0000000083500000|100%| O|  |TAMS 0x0000000083500000, 0x0000000083500000| Untracked 
|   5|0x0000000083500000, 0x0000000083600000, 0x0000000083600000|100%| O|  |TAMS 0x0000000083600000, 0x0000000083600000| Untracked 
|   6|0x0000000083600000, 0x0000000083700000, 0x0000000083700000|100%| O|  |TAMS 0x0000000083700000, 0x0000000083700000| Untracked 
|   7|0x0000000083700000, 0x0000000083800000, 0x0000000083800000|100%| O|  |TAMS 0x0000000083800000, 0x0000000083800000| Untracked 
|   8|0x0000000083800000, 0x0000000083900000, 0x0000000083900000|100%| O|  |TAMS 0x0000000083900000, 0x0000000083900000| Untracked 
|   9|0x0000000083900000, 0x0000000083a00000, 0x0000000083a00000|100%| O|  |TAMS 0x0000000083a00000, 0x0000000083a00000| Untracked 
|  10|0x0000000083a00000, 0x0000000083b00000, 0x0000000083b00000|100%| O|  |TAMS 0x0000000083b00000, 0x0000000083b00000| Untracked 
|  11|0x0000000083b00000, 0x0000000083c00000, 0x0000000083c00000|100%| O|  |TAMS 0x0000000083c00000, 0x0000000083c00000| Untracked 
|  12|0x0000000083c00000, 0x0000000083d00000, 0x0000000083d00000|100%| O|  |TAMS 0x0000000083c6c600, 0x0000000083d00000| Untracked 
|  13|0x0000000083d00000, 0x0000000083e00000, 0x0000000083e00000|100%|HS|  |TAMS 0x0000000083d00000, 0x0000000083e00000| Complete 
|  14|0x0000000083e00000, 0x0000000083f00000, 0x0000000083f00000|100%|HS|  |TAMS 0x0000000083e00000, 0x0000000083f00000| Complete 
|  15|0x0000000083f00000, 0x0000000084000000, 0x0000000084000000|100%| O|  |TAMS 0x0000000083f00000, 0x0000000084000000| Untracked 
|  16|0x0000000084000000, 0x0000000084100000, 0x0000000084100000|100%| O|  |TAMS 0x0000000084000000, 0x0000000084100000| Untracked 
|  17|0x0000000084100000, 0x0000000084200000, 0x0000000084200000|100%| O|  |TAMS 0x0000000084100000, 0x0000000084200000| Untracked 
|  18|0x0000000084200000, 0x0000000084300000, 0x0000000084300000|100%|HS|  |TAMS 0x0000000084300000, 0x0000000084300000| Complete 
|  19|0x0000000084300000, 0x0000000084400000, 0x0000000084400000|100%|HC|  |TAMS 0x0000000084400000, 0x0000000084400000| Complete 
|  20|0x0000000084400000, 0x0000000084500000, 0x0000000084500000|100%| O|  |TAMS 0x0000000084400000, 0x0000000084500000| Untracked 
|  21|0x0000000084500000, 0x0000000084600000, 0x0000000084600000|100%| O|  |TAMS 0x0000000084500000, 0x0000000084600000| Untracked 
|  22|0x0000000084600000, 0x0000000084700000, 0x0000000084700000|100%| O|  |TAMS 0x0000000084600000, 0x0000000084700000| Untracked 
|  23|0x0000000084700000, 0x0000000084800000, 0x0000000084800000|100%| O|  |TAMS 0x0000000084700000, 0x0000000084800000| Untracked 
|  24|0x0000000084800000, 0x0000000084900000, 0x0000000084900000|100%| O|  |TAMS 0x0000000084800000, 0x0000000084900000| Untracked 
|  25|0x0000000084900000, 0x0000000084a00000, 0x0000000084a00000|100%| O|  |TAMS 0x0000000084900000, 0x0000000084a00000| Untracked 
|  26|0x0000000084a00000, 0x0000000084b00000, 0x0000000084b00000|100%|HS|  |TAMS 0x0000000084a00000, 0x0000000084b00000| Complete 
|  27|0x0000000084b00000, 0x0000000084c00000, 0x0000000084c00000|100%|HS|  |TAMS 0x0000000084b00000, 0x0000000084c00000| Complete 
|  28|0x0000000084c00000, 0x0000000084d00000, 0x0000000084d00000|100%| O|  |TAMS 0x0000000084c00000, 0x0000000084d00000| Untracked 
|  29|0x0000000084d00000, 0x0000000084e00000, 0x0000000084e00000|100%| O|  |TAMS 0x0000000084d00000, 0x0000000084e00000| Untracked 
|  30|0x0000000084e00000, 0x0000000084f00000, 0x0000000084f00000|100%| O|  |TAMS 0x0000000084e00000, 0x0000000084f00000| Untracked 
|  31|0x0000000084f00000, 0x0000000085000000, 0x0000000085000000|100%| O|  |TAMS 0x0000000084f00000, 0x0000000085000000| Untracked 
|  32|0x0000000085000000, 0x0000000085100000, 0x0000000085100000|100%| O|  |TAMS 0x0000000085000000, 0x0000000085100000| Untracked 
|  33|0x0000000085100000, 0x0000000085200000, 0x0000000085200000|100%| O|  |TAMS 0x0000000085100000, 0x0000000085200000| Untracked 
|  34|0x0000000085200000, 0x0000000085300000, 0x0000000085300000|100%| O|  |TAMS 0x0000000085200000, 0x0000000085300000| Untracked 
|  35|0x0000000085300000, 0x0000000085400000, 0x0000000085400000|100%| O|  |TAMS 0x0000000085300000, 0x0000000085400000| Untracked 
|  36|0x0000000085400000, 0x0000000085500000, 0x0000000085500000|100%| O|  |TAMS 0x0000000085400000, 0x0000000085500000| Untracked 
|  37|0x0000000085500000, 0x0000000085600000, 0x0000000085600000|100%| O|  |TAMS 0x0000000085500000, 0x0000000085600000| Untracked 
|  38|0x0000000085600000, 0x0000000085700000, 0x0000000085700000|100%| O|  |TAMS 0x0000000085600000, 0x0000000085700000| Untracked 
|  39|0x0000000085700000, 0x0000000085800000, 0x0000000085800000|100%| O|  |TAMS 0x0000000085700000, 0x0000000085800000| Untracked 
|  40|0x0000000085800000, 0x0000000085900000, 0x0000000085900000|100%| O|  |TAMS 0x0000000085800000, 0x0000000085900000| Untracked 
|  41|0x0000000085900000, 0x0000000085a00000, 0x0000000085a00000|100%| O|  |TAMS 0x0000000085900000, 0x0000000085a00000| Untracked 
|  42|0x0000000085a00000, 0x0000000085b00000, 0x0000000085b00000|100%| O|  |TAMS 0x0000000085a00000, 0x0000000085b00000| Untracked 
|  43|0x0000000085b00000, 0x0000000085c00000, 0x0000000085c00000|100%| O|  |TAMS 0x0000000085b00000, 0x0000000085c00000| Untracked 
|  44|0x0000000085c00000, 0x0000000085d00000, 0x0000000085d00000|100%| O|  |TAMS 0x0000000085c00000, 0x0000000085d00000| Untracked 
|  45|0x0000000085d00000, 0x0000000085e00000, 0x0000000085e00000|100%| O|  |TAMS 0x0000000085d00000, 0x0000000085e00000| Untracked 
|  46|0x0000000085e00000, 0x0000000085f00000, 0x0000000085f00000|100%| O|  |TAMS 0x0000000085e00000, 0x0000000085f00000| Untracked 
|  47|0x0000000085f00000, 0x0000000086000000, 0x0000000086000000|100%| O|  |TAMS 0x0000000085f00000, 0x0000000086000000| Untracked 
|  48|0x0000000086000000, 0x0000000086100000, 0x0000000086100000|100%| O|  |TAMS 0x0000000086000000, 0x0000000086100000| Untracked 
|  49|0x0000000086100000, 0x0000000086200000, 0x0000000086200000|100%| O|  |TAMS 0x0000000086100000, 0x0000000086200000| Untracked 
|  50|0x0000000086200000, 0x0000000086300000, 0x0000000086300000|100%| O|  |TAMS 0x0000000086200000, 0x0000000086280a00| Untracked 
|  51|0x0000000086300000, 0x0000000086400000, 0x0000000086400000|100%|HS|  |TAMS 0x0000000086300000, 0x0000000086400000| Complete 
|  52|0x0000000086400000, 0x0000000086500000, 0x0000000086500000|100%|HC|  |TAMS 0x0000000086400000, 0x0000000086500000| Complete 
|  53|0x0000000086500000, 0x0000000086600000, 0x0000000086600000|100%|HS|  |TAMS 0x0000000086500000, 0x0000000086600000| Complete 
|  54|0x0000000086600000, 0x0000000086700000, 0x0000000086700000|100%| O|  |TAMS 0x0000000086600000, 0x0000000086600000| Untracked 
|  55|0x0000000086700000, 0x0000000086800000, 0x0000000086800000|100%| O|  |TAMS 0x0000000086700000, 0x0000000086700000| Untracked 
|  56|0x0000000086800000, 0x0000000086900000, 0x0000000086900000|100%| O|  |TAMS 0x0000000086800000, 0x0000000086800000| Untracked 
|  57|0x0000000086900000, 0x0000000086a00000, 0x0000000086a00000|100%| O|  |TAMS 0x0000000086900000, 0x0000000086900000| Untracked 
|  58|0x0000000086a00000, 0x0000000086b00000, 0x0000000086b00000|100%| O|  |TAMS 0x0000000086a00000, 0x0000000086a00000| Untracked 
|  59|0x0000000086b00000, 0x0000000086b75000, 0x0000000086c00000| 45%| O|  |TAMS 0x0000000086b00000, 0x0000000086b00000| Untracked 
|  60|0x0000000086c00000, 0x0000000086c00000, 0x0000000086d00000|  0%| F|  |TAMS 0x0000000086c00000, 0x0000000086c00000| Untracked 
|  61|0x0000000086d00000, 0x0000000086d00000, 0x0000000086e00000|  0%| F|  |TAMS 0x0000000086d00000, 0x0000000086d00000| Untracked 
|  62|0x0000000086e00000, 0x0000000086e00000, 0x0000000086f00000|  0%| F|  |TAMS 0x0000000086e00000, 0x0000000086e00000| Untracked 
|  63|0x0000000086f00000, 0x0000000086f00000, 0x0000000087000000|  0%| F|  |TAMS 0x0000000086f00000, 0x0000000086f00000| Untracked 
|  64|0x0000000087000000, 0x0000000087000000, 0x0000000087100000|  0%| F|  |TAMS 0x0000000087000000, 0x0000000087000000| Untracked 
|  65|0x0000000087100000, 0x0000000087100000, 0x0000000087200000|  0%| F|  |TAMS 0x0000000087100000, 0x0000000087100000| Untracked 
|  66|0x0000000087200000, 0x0000000087200000, 0x0000000087300000|  0%| F|  |TAMS 0x0000000087200000, 0x0000000087200000| Untracked 
|  67|0x0000000087300000, 0x0000000087300000, 0x0000000087400000|  0%| F|  |TAMS 0x0000000087300000, 0x0000000087300000| Untracked 
|  68|0x0000000087400000, 0x0000000087400000, 0x0000000087500000|  0%| F|  |TAMS 0x0000000087400000, 0x0000000087400000| Untracked 
|  69|0x0000000087500000, 0x0000000087500000, 0x0000000087600000|  0%| F|  |TAMS 0x0000000087500000, 0x0000000087500000| Untracked 
|  70|0x0000000087600000, 0x0000000087600000, 0x0000000087700000|  0%| F|  |TAMS 0x0000000087600000, 0x0000000087600000| Untracked 
|  71|0x0000000087700000, 0x0000000087700000, 0x0000000087800000|  0%| F|  |TAMS 0x0000000087700000, 0x0000000087700000| Untracked 
|  72|0x0000000087800000, 0x0000000087800000, 0x0000000087900000|  0%| F|  |TAMS 0x0000000087800000, 0x0000000087800000| Untracked 
|  73|0x0000000087900000, 0x0000000087900000, 0x0000000087a00000|  0%| F|  |TAMS 0x0000000087900000, 0x0000000087900000| Untracked 
|  74|0x0000000087a00000, 0x0000000087a00000, 0x0000000087b00000|  0%| F|  |TAMS 0x0000000087a00000, 0x0000000087a00000| Untracked 
|  75|0x0000000087b00000, 0x0000000087b00000, 0x0000000087c00000|  0%| F|  |TAMS 0x0000000087b00000, 0x0000000087b00000| Untracked 
|  76|0x0000000087c00000, 0x0000000087c00000, 0x0000000087d00000|  0%| F|  |TAMS 0x0000000087c00000, 0x0000000087c00000| Untracked 
|  77|0x0000000087d00000, 0x0000000087d00000, 0x0000000087e00000|  0%| F|  |TAMS 0x0000000087d00000, 0x0000000087d00000| Untracked 
|  78|0x0000000087e00000, 0x0000000087e00000, 0x0000000087f00000|  0%| F|  |TAMS 0x0000000087e00000, 0x0000000087e00000| Untracked 
|  79|0x0000000087f00000, 0x0000000087f00000, 0x0000000088000000|  0%| F|  |TAMS 0x0000000087f00000, 0x0000000087f00000| Untracked 
|  80|0x0000000088000000, 0x0000000088000000, 0x0000000088100000|  0%| F|  |TAMS 0x0000000088000000, 0x0000000088000000| Untracked 
|  81|0x0000000088100000, 0x0000000088100000, 0x0000000088200000|  0%| F|  |TAMS 0x0000000088100000, 0x0000000088100000| Untracked 
|  82|0x0000000088200000, 0x0000000088200000, 0x0000000088300000|  0%| F|  |TAMS 0x0000000088200000, 0x0000000088200000| Untracked 
|  83|0x0000000088300000, 0x0000000088300000, 0x0000000088400000|  0%| F|  |TAMS 0x0000000088300000, 0x0000000088300000| Untracked 
|  84|0x0000000088400000, 0x0000000088400000, 0x0000000088500000|  0%| F|  |TAMS 0x0000000088400000, 0x0000000088400000| Untracked 
|  85|0x0000000088500000, 0x0000000088500000, 0x0000000088600000|  0%| F|  |TAMS 0x0000000088500000, 0x0000000088500000| Untracked 
|  86|0x0000000088600000, 0x0000000088600000, 0x0000000088700000|  0%| F|  |TAMS 0x0000000088600000, 0x0000000088600000| Untracked 
|  87|0x0000000088700000, 0x0000000088700000, 0x0000000088800000|  0%| F|  |TAMS 0x0000000088700000, 0x0000000088700000| Untracked 
|  88|0x0000000088800000, 0x0000000088800000, 0x0000000088900000|  0%| F|  |TAMS 0x0000000088800000, 0x0000000088800000| Untracked 
|  89|0x0000000088900000, 0x0000000088900000, 0x0000000088a00000|  0%| F|  |TAMS 0x0000000088900000, 0x0000000088900000| Untracked 
|  90|0x0000000088a00000, 0x0000000088a00000, 0x0000000088b00000|  0%| F|  |TAMS 0x0000000088a00000, 0x0000000088a00000| Untracked 
|  91|0x0000000088b00000, 0x0000000088b00000, 0x0000000088c00000|  0%| F|  |TAMS 0x0000000088b00000, 0x0000000088b00000| Untracked 
|  92|0x0000000088c00000, 0x0000000088c00000, 0x0000000088d00000|  0%| F|  |TAMS 0x0000000088c00000, 0x0000000088c00000| Untracked 
|  93|0x0000000088d00000, 0x0000000088d00000, 0x0000000088e00000|  0%| F|  |TAMS 0x0000000088d00000, 0x0000000088d00000| Untracked 
|  94|0x0000000088e00000, 0x0000000088e00000, 0x0000000088f00000|  0%| F|  |TAMS 0x0000000088e00000, 0x0000000088e00000| Untracked 
|  95|0x0000000088f00000, 0x0000000088f00000, 0x0000000089000000|  0%| F|  |TAMS 0x0000000088f00000, 0x0000000088f00000| Untracked 
|  96|0x0000000089000000, 0x0000000089000000, 0x0000000089100000|  0%| F|  |TAMS 0x0000000089000000, 0x0000000089000000| Untracked 
|  97|0x0000000089100000, 0x0000000089100000, 0x0000000089200000|  0%| F|  |TAMS 0x0000000089100000, 0x0000000089100000| Untracked 
|  98|0x0000000089200000, 0x0000000089200000, 0x0000000089300000|  0%| F|  |TAMS 0x0000000089200000, 0x0000000089200000| Untracked 
|  99|0x0000000089300000, 0x0000000089300000, 0x0000000089400000|  0%| F|  |TAMS 0x0000000089300000, 0x0000000089300000| Untracked 
| 100|0x0000000089400000, 0x0000000089400000, 0x0000000089500000|  0%| F|  |TAMS 0x0000000089400000, 0x0000000089400000| Untracked 
| 101|0x0000000089500000, 0x0000000089500000, 0x0000000089600000|  0%| F|  |TAMS 0x0000000089500000, 0x0000000089500000| Untracked 
| 102|0x0000000089600000, 0x0000000089600000, 0x0000000089700000|  0%| F|  |TAMS 0x0000000089600000, 0x0000000089600000| Untracked 
| 103|0x0000000089700000, 0x0000000089700000, 0x0000000089800000|  0%| F|  |TAMS 0x0000000089700000, 0x0000000089700000| Untracked 
| 104|0x0000000089800000, 0x0000000089800000, 0x0000000089900000|  0%| F|  |TAMS 0x0000000089800000, 0x0000000089800000| Untracked 
| 105|0x0000000089900000, 0x0000000089900000, 0x0000000089a00000|  0%| F|  |TAMS 0x0000000089900000, 0x0000000089900000| Untracked 
| 106|0x0000000089a00000, 0x0000000089a00000, 0x0000000089b00000|  0%| F|  |TAMS 0x0000000089a00000, 0x0000000089a00000| Untracked 
| 107|0x0000000089b00000, 0x0000000089b00000, 0x0000000089c00000|  0%| F|  |TAMS 0x0000000089b00000, 0x0000000089b00000| Untracked 
| 108|0x0000000089c00000, 0x0000000089c00000, 0x0000000089d00000|  0%| F|  |TAMS 0x0000000089c00000, 0x0000000089c00000| Untracked 
| 109|0x0000000089d00000, 0x0000000089d00000, 0x0000000089e00000|  0%| F|  |TAMS 0x0000000089d00000, 0x0000000089d00000| Untracked 
| 110|0x0000000089e00000, 0x0000000089e00000, 0x0000000089f00000|  0%| F|  |TAMS 0x0000000089e00000, 0x0000000089e00000| Untracked 
| 111|0x0000000089f00000, 0x0000000089f00000, 0x000000008a000000|  0%| F|  |TAMS 0x0000000089f00000, 0x0000000089f00000| Untracked 
| 112|0x000000008a000000, 0x000000008a000000, 0x000000008a100000|  0%| F|  |TAMS 0x000000008a000000, 0x000000008a000000| Untracked 
| 113|0x000000008a100000, 0x000000008a100000, 0x000000008a200000|  0%| F|  |TAMS 0x000000008a100000, 0x000000008a100000| Untracked 
| 114|0x000000008a200000, 0x000000008a200000, 0x000000008a300000|  0%| F|  |TAMS 0x000000008a200000, 0x000000008a200000| Untracked 
| 115|0x000000008a300000, 0x000000008a300000, 0x000000008a400000|  0%| F|  |TAMS 0x000000008a300000, 0x000000008a300000| Untracked 
| 116|0x000000008a400000, 0x000000008a400000, 0x000000008a500000|  0%| F|  |TAMS 0x000000008a400000, 0x000000008a400000| Untracked 
| 117|0x000000008a500000, 0x000000008a500000, 0x000000008a600000|  0%| F|  |TAMS 0x000000008a500000, 0x000000008a500000| Untracked 
| 118|0x000000008a600000, 0x000000008a695460, 0x000000008a700000| 58%| S|CS|TAMS 0x000000008a600000, 0x000000008a600000| Complete 
| 119|0x000000008a700000, 0x000000008a800000, 0x000000008a800000|100%| S|CS|TAMS 0x000000008a700000, 0x000000008a700000| Complete 
| 120|0x000000008a800000, 0x000000008a900000, 0x000000008a900000|100%| S|CS|TAMS 0x000000008a800000, 0x000000008a800000| Complete 
| 121|0x000000008a900000, 0x000000008aa00000, 0x000000008aa00000|100%| S|CS|TAMS 0x000000008a900000, 0x000000008a900000| Complete 
| 122|0x000000008aa00000, 0x000000008aa00000, 0x000000008ab00000|  0%| F|  |TAMS 0x000000008aa00000, 0x000000008aa00000| Untracked 
| 123|0x000000008ab00000, 0x000000008ab00000, 0x000000008ac00000|  0%| F|  |TAMS 0x000000008ab00000, 0x000000008ab00000| Untracked 
| 124|0x000000008ac00000, 0x000000008ac00000, 0x000000008ad00000|  0%| F|  |TAMS 0x000000008ac00000, 0x000000008ac00000| Untracked 
| 125|0x000000008ad00000, 0x000000008ad00000, 0x000000008ae00000|  0%| F|  |TAMS 0x000000008ad00000, 0x000000008ad00000| Untracked 
|1996|0x00000000ffc00000, 0x00000000ffd00000, 0x00000000ffd00000|100%| O|  |TAMS 0x00000000ffc00000, 0x00000000ffd00000| Untracked 
|1997|0x00000000ffd00000, 0x00000000ffe00000, 0x00000000ffe00000|100%| O|  |TAMS 0x00000000ffd00000, 0x00000000ffe00000| Untracked 
|1998|0x00000000ffe00000, 0x00000000fff00000, 0x00000000fff00000|100%| O|  |TAMS 0x00000000ffe00000, 0x00000000fff00000| Untracked 
|1999|0x00000000fff00000, 0x0000000100000000, 0x0000000100000000|100%| O|  |TAMS 0x00000000fff00000, 0x0000000100000000| Untracked 

Card table byte_map: [0x00000184bfca0000,0x00000184c0090000] _byte_map_base: 0x00000184bf888000

Marking Bits (Prev, Next): (CMBitMap*) 0x00000184ace00f90, (CMBitMap*) 0x00000184ace00f50
 Prev Bits: [0x00000184c23c0000, 0x00000184c4300000)
 Next Bits: [0x00000184c0480000, 0x00000184c23c0000)

Polling page: 0x00000184aaca0000

Metaspace:

Usage:
  Non-class:     27.05 MB used.
      Class:      3.66 MB used.
       Both:     30.71 MB used.

Virtual space:
  Non-class space:       64.00 MB reserved,      27.25 MB ( 43%) committed,  1 nodes.
      Class space:        1.00 GB reserved,       3.81 MB ( <1%) committed,  1 nodes.
             Both:        1.06 GB reserved,      31.06 MB (  3%) committed. 

Chunk freelists:
   Non-Class:  4.61 MB
       Class:  12.22 MB
        Both:  16.83 MB

MaxMetaspaceSize: unlimited
CompressedClassSpaceSize: 1.00 GB
Initial GC threshold: 21.00 MB
Current GC threshold: 35.44 MB
CDS: on
MetaspaceReclaimPolicy: balanced
 - commit_granule_bytes: 65536.
 - commit_granule_words: 8192.
 - virtual_space_node_default_size: 8388608.
 - enlarge_chunks_in_place: 1.
 - new_chunks_are_fully_committed: 0.
 - uncommit_free_chunks: 1.
 - use_allocation_guard: 0.
 - handle_deallocations: 1.


Internal statistics:

num_allocs_failed_limit: 3.
num_arena_births: 232.
num_arena_deaths: 0.
num_vsnodes_births: 2.
num_vsnodes_deaths: 0.
num_space_committed: 497.
num_space_uncommitted: 0.
num_chunks_returned_to_freelist: 3.
num_chunks_taken_from_freelist: 1416.
num_chunk_merges: 3.
num_chunk_splits: 964.
num_chunks_enlarged: 718.
num_inconsistent_stats: 0.

CodeHeap 'non-profiled nmethods': size=120000Kb used=3823Kb max_used=3823Kb free=116177Kb
 bounds [0x00000184b8050000, 0x00000184b8410000, 0x00000184bf580000]
CodeHeap 'profiled nmethods': size=120000Kb used=14282Kb max_used=14282Kb free=105717Kb
 bounds [0x00000184b0580000, 0x00000184b1380000, 0x00000184b7ab0000]
CodeHeap 'non-nmethods': size=5760Kb used=1217Kb max_used=1300Kb free=4542Kb
 bounds [0x00000184b7ab0000, 0x00000184b7d20000, 0x00000184b8050000]
 total_blobs=6952 nmethods=6432 adapters=432
 compilation: enabled
              stopped_count=0, restarted_count=0
 full_count=0

Compilation events (20 events):
Event: 17.094 Thread 0x00000184c6d5e110 7294       3       jdk.internal.jrtfs.JrtFileSystemProvider::checkAccess (9 bytes)
Event: 17.095 Thread 0x00000184c6d5e110 nmethod 7294 0x00000184b136fd10 code [0x00000184b136ff00, 0x00000184b1370528]
Event: 17.095 Thread 0x00000184c6d5e110 7295       3       jdk.internal.jrtfs.JrtPath::checkAccess (146 bytes)
Event: 17.096 Thread 0x00000184c6d5e110 nmethod 7295 0x00000184b1370710 code [0x00000184b1370940, 0x00000184b1371108]
Event: 17.119 Thread 0x00000184c6d5e110 7300       3       jdk.internal.loader.ClassLoaders::platformClassLoader (4 bytes)
Event: 17.119 Thread 0x00000184c6d5e110 nmethod 7300 0x00000184b0858310 code [0x00000184b08584a0, 0x00000184b0858598]
Event: 17.123 Thread 0x00000184c6d4da40 nmethod 7276 0x00000184b8402010 code [0x00000184b8402360, 0x00000184b8406a78]
Event: 17.128 Thread 0x00000184c6d4da40 7299       4       java.net.URI$Parser::scan (41 bytes)
Event: 17.131 Thread 0x00000184c6d5e110 7301       3       jdk.internal.util.jar.JarIndex::addToList (59 bytes)
Event: 17.132 Thread 0x00000184c6d5e110 nmethod 7301 0x00000184b1371490 code [0x00000184b13716e0, 0x00000184b1372028]
Event: 17.132 Thread 0x00000184c6d5e110 7302       3       java.util.LinkedList::indexOf (73 bytes)
Event: 17.133 Thread 0x00000184c6d5e110 nmethod 7302 0x00000184b1372390 code [0x00000184b1372560, 0x00000184b1372a08]
Event: 17.133 Thread 0x00000184c6d5e110 7303       3       java.util.LinkedList::linkLast (59 bytes)
Event: 17.134 Thread 0x00000184c6d5e110 nmethod 7303 0x00000184b1372b90 code [0x00000184b1372d60, 0x00000184b13731b8]
Event: 17.135 Thread 0x000001850c610e60 nmethod 7291 0x00000184b840a190 code [0x00000184b840a360, 0x00000184b840b0e8]
Event: 17.135 Thread 0x000001850c610e60 7297       4       com.sun.tools.javac.code.Symtab::lookupPackage (259 bytes)
Event: 17.135 Thread 0x00000184c6d4da40 nmethod 7299 0x00000184b840b510 code [0x00000184b840b6a0, 0x00000184b840b9b8]
Event: 17.136 Thread 0x00000184c6d4da40 7298       4       com.sun.tools.javac.code.Symtab::enterClass (71 bytes)
Event: 17.136 Thread 0x00000184c6d5e110 7304  s!   2       jdk.internal.loader.URLClassPath::getLoader (194 bytes)
Event: 17.138 Thread 0x00000184c6d5e110 nmethod 7304 0x00000184b1373310 code [0x00000184b1373580, 0x00000184b1373f48]

GC Heap History (20 events):
Event: 2.658 GC heap after
{Heap after GC invocations=2 (full 0):
 garbage-first heap   total 129024K, used 5130K [0x0000000083000000, 0x0000000100000000)
  region size 1024K, 2 young (2048K), 2 survivors (2048K)
 Metaspace       used 9750K, committed 9920K, reserved 1114112K
  class space    used 1217K, committed 1280K, reserved 1048576K
}
Event: 5.833 GC heap before
{Heap before GC invocations=2 (full 0):
 garbage-first heap   total 129024K, used 79882K [0x0000000083000000, 0x0000000100000000)
  region size 1024K, 75 young (76800K), 2 survivors (2048K)
 Metaspace       used 16476K, committed 16704K, reserved 1114112K
  class space    used 2030K, committed 2112K, reserved 1048576K
}
Event: 5.868 GC heap after
{Heap after GC invocations=3 (full 0):
 garbage-first heap   total 129024K, used 12920K [0x0000000083000000, 0x0000000100000000)
  region size 1024K, 10 young (10240K), 10 survivors (10240K)
 Metaspace       used 16476K, committed 16704K, reserved 1114112K
  class space    used 2030K, committed 2112K, reserved 1048576K
}
Event: 7.894 GC heap before
{Heap before GC invocations=3 (full 0):
 garbage-first heap   total 129024K, used 79480K [0x0000000083000000, 0x0000000100000000)
  region size 1024K, 75 young (76800K), 10 survivors (10240K)
 Metaspace       used 17074K, committed 17280K, reserved 1114112K
  class space    used 2041K, committed 2112K, reserved 1048576K
}
Event: 7.933 GC heap after
{Heap after GC invocations=4 (full 0):
 garbage-first heap   total 129024K, used 19833K [0x0000000083000000, 0x0000000100000000)
  region size 1024K, 7 young (7168K), 7 survivors (7168K)
 Metaspace       used 17074K, committed 17280K, reserved 1114112K
  class space    used 2041K, committed 2112K, reserved 1048576K
}
Event: 10.576 GC heap before
{Heap before GC invocations=4 (full 0):
 garbage-first heap   total 129024K, used 93561K [0x0000000083000000, 0x0000000100000000)
  region size 1024K, 73 young (74752K), 7 survivors (7168K)
 Metaspace       used 21238K, committed 21504K, reserved 1114112K
  class space    used 2524K, committed 2688K, reserved 1048576K
}
Event: 10.607 GC heap after
{Heap after GC invocations=5 (full 0):
 garbage-first heap   total 129024K, used 30152K [0x0000000083000000, 0x0000000100000000)
  region size 1024K, 6 young (6144K), 6 survivors (6144K)
 Metaspace       used 21238K, committed 21504K, reserved 1114112K
  class space    used 2524K, committed 2688K, reserved 1048576K
}
Event: 12.296 GC heap before
{Heap before GC invocations=6 (full 0):
 garbage-first heap   total 106496K, used 87496K [0x0000000083000000, 0x0000000100000000)
  region size 1024K, 60 young (61440K), 6 survivors (6144K)
 Metaspace       used 26856K, committed 27136K, reserved 1114112K
  class space    used 3208K, committed 3328K, reserved 1048576K
}
Event: 12.344 GC heap after
{Heap after GC invocations=7 (full 0):
 garbage-first heap   total 110592K, used 45512K [0x0000000083000000, 0x0000000100000000)
  region size 1024K, 8 young (8192K), 8 survivors (8192K)
 Metaspace       used 26856K, committed 27136K, reserved 1114112K
  class space    used 3208K, committed 3328K, reserved 1048576K
}
Event: 12.367 GC heap before
{Heap before GC invocations=7 (full 0):
 garbage-first heap   total 110592K, used 46536K [0x0000000083000000, 0x0000000100000000)
  region size 1024K, 9 young (9216K), 8 survivors (8192K)
 Metaspace       used 26856K, committed 27136K, reserved 1114112K
  class space    used 3208K, committed 3328K, reserved 1048576K
}
Event: 12.388 GC heap after
{Heap after GC invocations=8 (full 0):
 garbage-first heap   total 133120K, used 46592K [0x0000000083000000, 0x0000000100000000)
  region size 1024K, 1 young (1024K), 1 survivors (1024K)
 Metaspace       used 26856K, committed 27136K, reserved 1114112K
  class space    used 3208K, committed 3328K, reserved 1048576K
}
Event: 13.943 GC heap before
{Heap before GC invocations=8 (full 0):
 garbage-first heap   total 133120K, used 95744K [0x0000000083000000, 0x0000000100000000)
  region size 1024K, 48 young (49152K), 1 survivors (1024K)
 Metaspace       used 28433K, committed 28736K, reserved 1114112K
  class space    used 3365K, committed 3520K, reserved 1048576K
}
Event: 13.963 GC heap after
{Heap after GC invocations=9 (full 0):
 garbage-first heap   total 133120K, used 55275K [0x0000000083000000, 0x0000000100000000)
  region size 1024K, 6 young (6144K), 6 survivors (6144K)
 Metaspace       used 28433K, committed 28736K, reserved 1114112K
  class space    used 3365K, committed 3520K, reserved 1048576K
}
Event: 15.637 GC heap before
{Heap before GC invocations=9 (full 0):
 garbage-first heap   total 133120K, used 96235K [0x0000000083000000, 0x0000000100000000)
  region size 1024K, 47 young (48128K), 6 survivors (6144K)
 Metaspace       used 30669K, committed 30976K, reserved 1114112K
  class space    used 3640K, committed 3776K, reserved 1048576K
}
Event: 15.652 GC heap after
{Heap after GC invocations=10 (full 0):
 garbage-first heap   total 133120K, used 57060K [0x0000000083000000, 0x0000000100000000)
  region size 1024K, 2 young (2048K), 2 survivors (2048K)
 Metaspace       used 30669K, committed 30976K, reserved 1114112K
  class space    used 3640K, committed 3776K, reserved 1048576K
}
Event: 16.736 GC heap before
{Heap before GC invocations=10 (full 0):
 garbage-first heap   total 133120K, used 77540K [0x0000000083000000, 0x0000000100000000)
  region size 1024K, 20 young (20480K), 2 survivors (2048K)
 Metaspace       used 31441K, committed 31808K, reserved 1114112K
  class space    used 3749K, committed 3904K, reserved 1048576K
}
Event: 16.748 GC heap after
{Heap after GC invocations=11 (full 0):
 garbage-first heap   total 133120K, used 57710K [0x0000000083000000, 0x0000000100000000)
  region size 1024K, 3 young (3072K), 3 survivors (3072K)
 Metaspace       used 31441K, committed 31808K, reserved 1114112K
  class space    used 3749K, committed 3904K, reserved 1048576K
}
Event: 17.154 GC heap before
{Heap before GC invocations=11 (full 0):
 garbage-first heap   total 133120K, used 75118K [0x0000000083000000, 0x0000000100000000)
  region size 1024K, 17 young (17408K), 3 survivors (3072K)
 Metaspace       used 31450K, committed 31808K, reserved 1114112K
  class space    used 3749K, committed 3904K, reserved 1048576K
}
Event: 17.170 GC heap after
{Heap after GC invocations=12 (full 0):
 garbage-first heap   total 133120K, used 62978K [0x0000000083000000, 0x0000000100000000)
  region size 1024K, 6 young (6144K), 6 survivors (6144K)
 Metaspace       used 31450K, committed 31808K, reserved 1114112K
  class space    used 3749K, committed 3904K, reserved 1048576K
}
Event: 17.241 GC heap before
{Heap before GC invocations=12 (full 0):
 garbage-first heap   total 133120K, used 68098K [0x0000000083000000, 0x0000000100000000)
  region size 1024K, 10 young (10240K), 6 survivors (6144K)
 Metaspace       used 31450K, committed 31808K, reserved 1114112K
  class space    used 3749K, committed 3904K, reserved 1048576K
}

Dll operation events (4 events):
Event: 0.022 Loaded shared library C:\Users\mmaar\.jdks\jbr-17.0.12\bin\java.dll
Event: 0.060 Loaded shared library C:\Users\mmaar\.jdks\jbr-17.0.12\bin\jsvml.dll
Event: 0.184 Loaded shared library C:\Users\mmaar\.jdks\jbr-17.0.12\bin\zip.dll
Event: 0.574 Loaded shared library C:\Users\mmaar\.jdks\jbr-17.0.12\bin\verify.dll

Deoptimization events (20 events):
Event: 17.097 Thread 0x00000184acda2f30 Uncommon trap: trap_request=0xffffffde fr.pc=0x00000184b83f0c30 relative=0x0000000000004e90
Event: 17.097 Thread 0x00000184acda2f30 Uncommon trap: reason=class_check action=maybe_recompile pc=0x00000184b83f0c30 method=com.sun.tools.javac.code.Symtab.lookupPackage(Lcom/sun/tools/javac/code/Symbol$ModuleSymbol;Lcom/sun/tools/javac/util/Name;Z)Lcom/sun/tools/javac/code/Symbol$PackageSymb
Event: 17.097 Thread 0x00000184acda2f30 DEOPT PACKING pc=0x00000184b83f0c30 sp=0x0000005b2d6fcd70
Event: 17.097 Thread 0x00000184acda2f30 DEOPT UNPACKING pc=0x00000184b7b069a3 sp=0x0000005b2d6fcca8 mode 2
Event: 17.099 Thread 0x00000184acda2f30 Uncommon trap: trap_request=0xffffffde fr.pc=0x00000184b83de950 relative=0x0000000000004e90
Event: 17.099 Thread 0x00000184acda2f30 Uncommon trap: reason=class_check action=maybe_recompile pc=0x00000184b83de950 method=com.sun.tools.javac.code.Symtab.lookupPackage(Lcom/sun/tools/javac/code/Symbol$ModuleSymbol;Lcom/sun/tools/javac/util/Name;Z)Lcom/sun/tools/javac/code/Symbol$PackageSymb
Event: 17.099 Thread 0x00000184acda2f30 DEOPT PACKING pc=0x00000184b83de950 sp=0x0000005b2d6fccb0
Event: 17.099 Thread 0x00000184acda2f30 DEOPT UNPACKING pc=0x00000184b7b069a3 sp=0x0000005b2d6fccc0 mode 2
Event: 17.111 Thread 0x00000184acda2f30 DEOPT PACKING pc=0x00000184b0f3d7d9 sp=0x0000005b2d6fce00
Event: 17.111 Thread 0x00000184acda2f30 DEOPT UNPACKING pc=0x00000184b7b07143 sp=0x0000005b2d6fc2f8 mode 0
Event: 17.118 Thread 0x00000184acda2f30 DEOPT PACKING pc=0x00000184b0f3d7d9 sp=0x0000005b2d6fce00
Event: 17.118 Thread 0x00000184acda2f30 DEOPT UNPACKING pc=0x00000184b7b07143 sp=0x0000005b2d6fc2f8 mode 0
Event: 17.119 Thread 0x00000184acda2f30 Uncommon trap: trap_request=0xffffffde fr.pc=0x00000184b8087220 relative=0x0000000000000a60
Event: 17.119 Thread 0x00000184acda2f30 Uncommon trap: reason=class_check action=maybe_recompile pc=0x00000184b8087220 method=jdk.internal.loader.URLClassPath.getLoader(I)Ljdk/internal/loader/URLClassPath$Loader; @ 88 c2
Event: 17.119 Thread 0x00000184acda2f30 DEOPT PACKING pc=0x00000184b8087220 sp=0x0000005b2d6fcf10
Event: 17.119 Thread 0x00000184acda2f30 DEOPT UNPACKING pc=0x00000184b7b069a3 sp=0x0000005b2d6fcee0 mode 2
Event: 17.120 Thread 0x00000184acda2f30 Uncommon trap: trap_request=0xffffffde fr.pc=0x00000184b8087220 relative=0x0000000000000a60
Event: 17.120 Thread 0x00000184acda2f30 Uncommon trap: reason=class_check action=maybe_recompile pc=0x00000184b8087220 method=jdk.internal.loader.URLClassPath.getLoader(I)Ljdk/internal/loader/URLClassPath$Loader; @ 88 c2
Event: 17.120 Thread 0x00000184acda2f30 DEOPT PACKING pc=0x00000184b8087220 sp=0x0000005b2d6fcf10
Event: 17.120 Thread 0x00000184acda2f30 DEOPT UNPACKING pc=0x00000184b7b069a3 sp=0x0000005b2d6fcee0 mode 2

Classes loaded (20 events):
Event: 15.040 Loading class java/util/regex/Pattern$LazyLoop
Event: 15.040 Loading class java/util/regex/Pattern$LazyLoop done
Event: 15.588 Loading class java/util/function/ToIntBiFunction
Event: 15.588 Loading class java/util/function/ToIntBiFunction done
Event: 15.606 Loading class java/nio/file/Path$1
Event: 15.606 Loading class java/nio/file/Path$1 done
Event: 15.703 Loading class java/util/EnumMap$EntrySet
Event: 15.704 Loading class java/util/EnumMap$EntrySet done
Event: 15.704 Loading class java/util/EnumMap$EntryIterator
Event: 15.705 Loading class java/util/EnumMap$EnumMapIterator
Event: 15.705 Loading class java/util/EnumMap$EnumMapIterator done
Event: 15.705 Loading class java/util/EnumMap$EntryIterator done
Event: 15.705 Loading class java/util/EnumMap$EntryIterator$Entry
Event: 15.705 Loading class java/util/EnumMap$EntryIterator$Entry done
Event: 16.133 Loading class java/util/EnumMap$Values
Event: 16.133 Loading class java/util/EnumMap$Values done
Event: 16.133 Loading class java/util/EnumMap$ValueIterator
Event: 16.133 Loading class java/util/EnumMap$ValueIterator done
Event: 16.139 Loading class java/util/WeakHashMap$KeyIterator
Event: 16.139 Loading class java/util/WeakHashMap$KeyIterator done

Classes unloaded (0 events):
No events

Classes redefined (0 events):
No events

Internal exceptions (20 events):
Event: 16.083 Thread 0x00000184acda2f30 Exception <a 'sun/nio/fs/WindowsException'{0x000000008a63e680}> (0x000000008a63e680) 
thrown [s\src\hotspot\share\prims\jni.cpp, line 531]
Event: 16.083 Thread 0x00000184acda2f30 Exception <a 'sun/nio/fs/WindowsException'{0x000000008a63ea88}> (0x000000008a63ea88) 
thrown [s\src\hotspot\share\prims\jni.cpp, line 531]
Event: 16.085 Thread 0x00000184acda2f30 Exception <a 'sun/nio/fs/WindowsException'{0x000000008a667290}> (0x000000008a667290) 
thrown [s\src\hotspot\share\prims\jni.cpp, line 531]
Event: 16.086 Thread 0x00000184acda2f30 Exception <a 'sun/nio/fs/WindowsException'{0x000000008a6676e0}> (0x000000008a6676e0) 
thrown [s\src\hotspot\share\prims\jni.cpp, line 531]
Event: 16.086 Thread 0x00000184acda2f30 Exception <a 'sun/nio/fs/WindowsException'{0x000000008a668cd0}> (0x000000008a668cd0) 
thrown [s\src\hotspot\share\prims\jni.cpp, line 531]
Event: 16.086 Thread 0x00000184acda2f30 Exception <a 'sun/nio/fs/WindowsException'{0x000000008a6691a8}> (0x000000008a6691a8) 
thrown [s\src\hotspot\share\prims\jni.cpp, line 531]
Event: 16.113 Thread 0x00000184acda2f30 Exception <a 'sun/nio/fs/WindowsException'{0x000000008a6ecc10}> (0x000000008a6ecc10) 
thrown [s\src\hotspot\share\prims\jni.cpp, line 531]
Event: 16.113 Thread 0x00000184acda2f30 Exception <a 'sun/nio/fs/WindowsException'{0x000000008a6ed318}> (0x000000008a6ed318) 
thrown [s\src\hotspot\share\prims\jni.cpp, line 531]
Event: 16.113 Thread 0x00000184acda2f30 Exception <a 'sun/nio/fs/WindowsException'{0x000000008a6edd60}> (0x000000008a6edd60) 
thrown [s\src\hotspot\share\prims\jni.cpp, line 531]
Event: 16.113 Thread 0x00000184acda2f30 Exception <a 'sun/nio/fs/WindowsException'{0x000000008a6ee528}> (0x000000008a6ee528) 
thrown [s\src\hotspot\share\prims\jni.cpp, line 531]
Event: 16.130 Thread 0x00000184acda2f30 Exception <a 'sun/nio/fs/WindowsException'{0x000000008a5161a8}> (0x000000008a5161a8) 
thrown [s\src\hotspot\share\prims\jni.cpp, line 531]
Event: 16.130 Thread 0x00000184acda2f30 Exception <a 'sun/nio/fs/WindowsException'{0x000000008a5168c0}> (0x000000008a5168c0) 
thrown [s\src\hotspot\share\prims\jni.cpp, line 531]
Event: 16.130 Thread 0x00000184acda2f30 Exception <a 'sun/nio/fs/WindowsException'{0x000000008a517360}> (0x000000008a517360) 
thrown [s\src\hotspot\share\prims\jni.cpp, line 531]
Event: 16.492 Thread 0x00000184acda2f30 Exception <a 'sun/nio/fs/WindowsException'{0x000000008a4d7028}> (0x000000008a4d7028) 
thrown [s\src\hotspot\share\prims\jni.cpp, line 531]
Event: 16.492 Thread 0x00000184acda2f30 Exception <a 'sun/nio/fs/WindowsException'{0x000000008a4d76f8}> (0x000000008a4d76f8) 
thrown [s\src\hotspot\share\prims\jni.cpp, line 531]
Event: 16.501 Thread 0x00000184acda2f30 Exception <a 'sun/nio/fs/WindowsException'{0x000000008a4ece28}> (0x000000008a4ece28) 
thrown [s\src\hotspot\share\prims\jni.cpp, line 531]
Event: 17.095 Thread 0x00000184acda2f30 Exception <a 'sun/nio/fs/WindowsException'{0x000000008a201b80}> (0x000000008a201b80) 
thrown [s\src\hotspot\share\prims\jni.cpp, line 531]
Event: 17.095 Thread 0x00000184acda2f30 Exception <a 'sun/nio/fs/WindowsException'{0x000000008a201f50}> (0x000000008a201f50) 
thrown [s\src\hotspot\share\prims\jni.cpp, line 531]
Event: 17.102 Thread 0x00000184acda2f30 Exception <a 'sun/nio/fs/WindowsException'{0x000000008a28ec60}> (0x000000008a28ec60) 
thrown [s\src\hotspot\share\prims\jni.cpp, line 531]
Event: 17.102 Thread 0x00000184acda2f30 Exception <a 'sun/nio/fs/WindowsException'{0x000000008a28eea0}> (0x000000008a28eea0) 
thrown [s\src\hotspot\share\prims\jni.cpp, line 531]

VM Operations (20 events):
Event: 15.430 Executing VM operation: ICBufferFull done
Event: 15.534 Executing VM operation: HandshakeAllThreads
Event: 15.534 Executing VM operation: HandshakeAllThreads done
Event: 15.587 Executing VM operation: HandshakeAllThreads
Event: 15.587 Executing VM operation: HandshakeAllThreads done
Event: 15.620 Executing VM operation: HandshakeAllThreads
Event: 15.620 Executing VM operation: HandshakeAllThreads done
Event: 15.637 Executing VM operation: G1CollectForAllocation
Event: 15.652 Executing VM operation: G1CollectForAllocation done
Event: 15.737 Executing VM operation: HandshakeAllThreads
Event: 15.737 Executing VM operation: HandshakeAllThreads done
Event: 15.830 Executing VM operation: ICBufferFull
Event: 15.831 Executing VM operation: ICBufferFull done
Event: 16.125 Executing VM operation: ICBufferFull
Event: 16.125 Executing VM operation: ICBufferFull done
Event: 16.736 Executing VM operation: G1TryInitiateConcMark
Event: 16.748 Executing VM operation: G1TryInitiateConcMark done
Event: 17.154 Executing VM operation: G1TryInitiateConcMark
Event: 17.170 Executing VM operation: G1TryInitiateConcMark done
Event: 17.241 Executing VM operation: G1TryInitiateConcMark

Events (20 events):
Event: 12.180 Thread 0x00000184c6d60730 flushing nmethod 0x00000184b10fa410
Event: 12.180 Thread 0x00000184c6d60730 flushing nmethod 0x00000184b10fa790
Event: 12.180 Thread 0x00000184c6d60730 flushing nmethod 0x00000184b10fb510
Event: 12.180 Thread 0x00000184c6d60730 flushing nmethod 0x00000184b111b690
Event: 12.180 Thread 0x00000184c6d60730 flushing nmethod 0x00000184b111c390
Event: 12.180 Thread 0x00000184c6d60730 flushing nmethod 0x00000184b111ca90
Event: 12.180 Thread 0x00000184c6d60730 flushing nmethod 0x00000184b111d610
Event: 12.180 Thread 0x00000184c6d60730 flushing nmethod 0x00000184b111f290
Event: 12.180 Thread 0x00000184c6d60730 flushing nmethod 0x00000184b111f690
Event: 12.180 Thread 0x00000184c6d60730 flushing nmethod 0x00000184b111fc10
Event: 12.180 Thread 0x00000184c6d60730 flushing nmethod 0x00000184b1125310
Event: 12.180 Thread 0x00000184c6d60730 flushing nmethod 0x00000184b1127710
Event: 12.180 Thread 0x00000184c6d60730 flushing nmethod 0x00000184b112a510
Event: 12.180 Thread 0x00000184c6d60730 flushing nmethod 0x00000184b112b790
Event: 12.181 Thread 0x00000184c6d60730 flushing nmethod 0x00000184b114ed10
Event: 14.643 Thread 0x000001850c614380 Thread exited: 0x000001850c614380
Event: 14.994 Thread 0x000001850c612e40 Thread exited: 0x000001850c612e40
Event: 15.079 Thread 0x000001850c610e60 Thread added: 0x000001850c610e60
Event: 15.422 Thread 0x000001850c612e40 Thread added: 0x000001850c612e40
Event: 16.692 Thread 0x000001850c612e40 Thread exited: 0x000001850c612e40


Dynamic libraries:
0x00007ff716450000 - 0x00007ff71645a000 	C:\Users\mmaar\.jdks\jbr-17.0.12\bin\java.exe
0x00007ffc897c0000 - 0x00007ffc89a23000 	C:\WINDOWS\SYSTEM32\ntdll.dll
0x00007ffc88990000 - 0x00007ffc88a57000 	C:\WINDOWS\System32\KERNEL32.DLL
0x00007ffc870b0000 - 0x00007ffc87477000 	C:\WINDOWS\System32\KERNELBASE.dll
0x00007ffc86f60000 - 0x00007ffc870ac000 	C:\WINDOWS\System32\ucrtbase.dll
0x00007ffc68660000 - 0x00007ffc6867b000 	C:\Users\mmaar\.jdks\jbr-17.0.12\bin\VCRUNTIME140.dll
0x00007ffc68640000 - 0x00007ffc68657000 	C:\Users\mmaar\.jdks\jbr-17.0.12\bin\jli.dll
0x00007ffc88250000 - 0x00007ffc88419000 	C:\WINDOWS\System32\USER32.dll
0x00007ffc6b4a0000 - 0x00007ffc6b730000 	C:\WINDOWS\WinSxS\amd64_microsoft.windows.common-controls_6595b64144ccf1df_6.0.26100.3037_none_3e09262ce333c378\COMCTL32.dll
0x00007ffc86f30000 - 0x00007ffc86f57000 	C:\WINDOWS\System32\win32u.dll
0x00007ffc87f00000 - 0x00007ffc87fa9000 	C:\WINDOWS\System32\msvcrt.dll
0x00007ffc88960000 - 0x00007ffc8898a000 	C:\WINDOWS\System32\GDI32.dll
0x00007ffc86d70000 - 0x00007ffc86e9b000 	C:\WINDOWS\System32\gdi32full.dll
0x00007ffc86b60000 - 0x00007ffc86c03000 	C:\WINDOWS\System32\msvcp_win.dll
0x00007ffc88b90000 - 0x00007ffc88bbf000 	C:\WINDOWS\System32\IMM32.DLL
0x00007ffc7b090000 - 0x00007ffc7b09c000 	C:\Users\mmaar\.jdks\jbr-17.0.12\bin\vcruntime140_1.dll
0x00007ffc5d5b0000 - 0x00007ffc5d63d000 	C:\Users\mmaar\.jdks\jbr-17.0.12\bin\msvcp140.dll
0x00007ffc26db0000 - 0x00007ffc27a3a000 	C:\Users\mmaar\.jdks\jbr-17.0.12\bin\server\jvm.dll
0x00007ffc88bd0000 - 0x00007ffc88c84000 	C:\WINDOWS\System32\ADVAPI32.dll
0x00007ffc89570000 - 0x00007ffc89616000 	C:\WINDOWS\System32\sechost.dll
0x00007ffc88a60000 - 0x00007ffc88b76000 	C:\WINDOWS\System32\RPCRT4.dll
0x00007ffc88890000 - 0x00007ffc88904000 	C:\WINDOWS\System32\WS2_32.dll
0x00007ffc857e0000 - 0x00007ffc8582e000 	C:\WINDOWS\SYSTEM32\POWRPROF.dll
0x00007ffc81ea0000 - 0x00007ffc81eab000 	C:\WINDOWS\SYSTEM32\VERSION.dll
0x00007ffc72d00000 - 0x00007ffc72d36000 	C:\WINDOWS\SYSTEM32\WINMM.dll
0x00007ffc857c0000 - 0x00007ffc857d4000 	C:\WINDOWS\SYSTEM32\UMPDC.dll
0x00007ffc85aa0000 - 0x00007ffc85aba000 	C:\WINDOWS\SYSTEM32\kernel.appcore.dll
0x00007ffc7aa00000 - 0x00007ffc7aa0a000 	C:\Users\mmaar\.jdks\jbr-17.0.12\bin\jimage.dll
0x00007ffc84520000 - 0x00007ffc84761000 	C:\WINDOWS\SYSTEM32\DBGHELP.DLL
0x00007ffc88450000 - 0x00007ffc887ce000 	C:\WINDOWS\System32\combase.dll
0x00007ffc88f50000 - 0x00007ffc89026000 	C:\WINDOWS\System32\OLEAUT32.dll
0x00007ffc6e870000 - 0x00007ffc6e8a9000 	C:\WINDOWS\SYSTEM32\dbgcore.DLL
0x00007ffc86cd0000 - 0x00007ffc86d69000 	C:\WINDOWS\System32\bcryptPrimitives.dll
0x00007ffc79b10000 - 0x00007ffc79b1e000 	C:\Users\mmaar\.jdks\jbr-17.0.12\bin\instrument.dll
0x00007ffc65e80000 - 0x00007ffc65ea5000 	C:\Users\mmaar\.jdks\jbr-17.0.12\bin\java.dll
0x00007ffc5d4d0000 - 0x00007ffc5d5a7000 	C:\Users\mmaar\.jdks\jbr-17.0.12\bin\jsvml.dll
0x00007ffc87600000 - 0x00007ffc87d04000 	C:\WINDOWS\System32\SHELL32.dll
0x00007ffc84870000 - 0x00007ffc850a7000 	C:\WINDOWS\SYSTEM32\windows.storage.dll
0x00007ffc88160000 - 0x00007ffc88249000 	C:\WINDOWS\System32\SHCORE.dll
0x00007ffc88c90000 - 0x00007ffc88ced000 	C:\WINDOWS\System32\shlwapi.dll
0x00007ffc86a70000 - 0x00007ffc86a9e000 	C:\WINDOWS\SYSTEM32\profapi.dll
0x00007ffc67a10000 - 0x00007ffc67a28000 	C:\Users\mmaar\.jdks\jbr-17.0.12\bin\zip.dll
0x00007ffc65840000 - 0x00007ffc65859000 	C:\Users\mmaar\.jdks\jbr-17.0.12\bin\net.dll
0x00007ffc7a350000 - 0x00007ffc7a46e000 	C:\WINDOWS\SYSTEM32\WINHTTP.dll
0x00007ffc85fb0000 - 0x00007ffc8601a000 	C:\WINDOWS\system32\mswsock.dll
0x00007ffc64730000 - 0x00007ffc64746000 	C:\Users\mmaar\.jdks\jbr-17.0.12\bin\nio.dll
0x00007ffc64620000 - 0x00007ffc6463a000 	C:\Program Files\JetBrains\IntelliJ IDEA Community Edition 2024.2.2\bin\breakgen64.dll
0x00007ffc77a30000 - 0x00007ffc77a39000 	C:\Users\mmaar\.jdks\jbr-17.0.12\bin\extnet.dll
0x00007ffc5e820000 - 0x00007ffc5e844000 	C:\Users\mmaar\AppData\Local\Temp\jansi-2.4.1-5883b88447088aed-jansi.dll
0x00007ffc771e0000 - 0x00007ffc771f0000 	C:\Users\mmaar\.jdks\jbr-17.0.12\bin\verify.dll

dbghelp: loaded successfully - version: 4.0.5 - missing functions: none
symbol engine: initialized successfully - sym options: 0x614 - pdb path: .;C:\Users\mmaar\.jdks\jbr-17.0.12\bin;C:\WINDOWS\SYSTEM32;C:\WINDOWS\WinSxS\amd64_microsoft.windows.common-controls_6595b64144ccf1df_6.0.26100.3037_none_3e09262ce333c378;C:\Users\mmaar\.jdks\jbr-17.0.12\bin\server;C:\Program Files\JetBrains\IntelliJ IDEA Community Edition 2024.2.2\bin;C:\Users\mmaar\AppData\Local\Temp

VM Arguments:
jvm_args: -Dmaven.multiModuleProjectDirectory=F:\Virtusa-FullStack-Training\Repo\news-app\news-website-backend-app\favourite-service -Djansi.passthrough=true -Dmaven.home=C:\Program Files\JetBrains\IntelliJ IDEA Community Edition 2024.2.2\plugins\maven\lib\maven3 -Dclassworlds.conf=C:\Program Files\JetBrains\IntelliJ IDEA Community Edition 2024.2.2\plugins\maven\lib\maven3\bin\m2.conf -Dmaven.ext.class.path=C:\Program Files\JetBrains\IntelliJ IDEA Community Edition 2024.2.2\plugins\maven\lib\maven-event-listener.jar -javaagent:C:\Program Files\JetBrains\IntelliJ IDEA Community Edition 2024.2.2\lib\idea_rt.jar=11326:C:\Program Files\JetBrains\IntelliJ IDEA Community Edition 2024.2.2\bin -Dfile.encoding=UTF-8 
java_command: org.codehaus.classworlds.Launcher -Didea.version=2024.2.2 install
java_class_path (initial): C:\Program Files\JetBrains\IntelliJ IDEA Community Edition 2024.2.2\plugins\maven\lib\maven3\boot\plexus-classworlds-2.8.0.jar;C:\Program Files\JetBrains\IntelliJ IDEA Community Edition 2024.2.2\plugins\maven\lib\maven3\boot\plexus-classworlds.license
Launcher Type: SUN_STANDARD

[Global flags]
     intx CICompilerCount                          = 4                                         {product} {ergonomic}
     uint ConcGCThreads                            = 2                                         {product} {ergonomic}
     uint G1ConcRefinementThreads                  = 8                                         {product} {ergonomic}
   size_t G1HeapRegionSize                         = 1048576                                   {product} {ergonomic}
    uintx GCDrainStackTargetSize                   = 64                                        {product} {ergonomic}
   size_t InitialHeapSize                          = 132120576                                 {product} {ergonomic}
   size_t MarkStackSize                            = 4194304                                   {product} {ergonomic}
   size_t MaxHeapSize                              = 2097152000                                {product} {ergonomic}
   size_t MaxNewSize                               = 1258291200                                {product} {ergonomic}
   size_t MinHeapDeltaBytes                        = 1048576                                   {product} {ergonomic}
   size_t MinHeapSize                              = 8388608                                   {product} {ergonomic}
    uintx NonNMethodCodeHeapSize                   = 5839372                                {pd product} {ergonomic}
    uintx NonProfiledCodeHeapSize                  = 122909434                              {pd product} {ergonomic}
    uintx ProfiledCodeHeapSize                     = 122909434                              {pd product} {ergonomic}
    uintx ReservedCodeCacheSize                    = 251658240                              {pd product} {ergonomic}
     bool SegmentedCodeCache                       = true                                      {product} {ergonomic}
   size_t SoftMaxHeapSize                          = 2097152000                             {manageable} {ergonomic}
     bool UseCompressedClassPointers               = true                           {product lp64_product} {ergonomic}
     bool UseCompressedOops                        = true                           {product lp64_product} {ergonomic}
     bool UseG1GC                                  = true                                      {product} {ergonomic}
     bool UseLargePagesIndividualAllocation        = false                                  {pd product} {ergonomic}

Logging:
Log output configuration:
 #0: stdout all=warning uptime,level,tags
 #1: stderr all=off uptime,level,tags

Environment Variables:
PATH=C:\Program Files (x86)\Common Files\Oracle\Java\java8path;C:\Program Files (x86)\Common Files\Oracle\Java\javapath;C:\WINDOWS\system32;C:\WINDOWS;C:\WINDOWS\System32\Wbem;C:\WINDOWS\System32\WindowsPowerShell\v1.0\;C:\WINDOWS\System32\OpenSSH\;C:\Program Files\Microsoft VS Code\bin;C:\Program Files\NVIDIA Corporation\NVIDIA NvDLISR;C:\Program Files (x86)\NVIDIA Corporation\PhysX\Common;C:\Program Files\Docker\Docker\resources\bin;C:\Program Files\nodejs\;C:\Program Files\Git\cmd;C:\Program Files\MySQL\MySQL Shell 8.0\bin\;C:\Users\mmaar\AppData\Local\Microsoft\WindowsApps;C:\Users\mmaar\AppData\Local\GitHubDesktop\bin;C:\Program Files\JetBrains\IntelliJ IDEA 2024.1\bin;;C:\Program Files\JetBrains\IntelliJ IDEA Community Edition 2024.2.2\bin;;C:\Users\mmaar\AppData\Roaming\npm;C:\Program Files\nodejs;
USERNAME=mmaar
OS=Windows_NT
PROCESSOR_IDENTIFIER=Intel64 Family 6 Model 142 Stepping 12, GenuineIntel
TMP=C:\Users\mmaar\AppData\Local\Temp
TEMP=C:\Users\mmaar\AppData\Local\Temp



Periodic native trim disabled

JNI global refs:
JNI global refs: 16, weak refs: 0

JNI global refs memory usage: 843, weak refs: 841

Process memory usage:
Resident Set Size: 313728K (3% of 8187892K total physical memory with 765008K free physical memory)

OOME stack traces (most recent first):
Classloader memory used:
Loader org.codehaus.plexus.classworlds.realm.ClassRealm                                : 1781K
Loader jdk.internal.loader.ClassLoaders$AppClassLoader                                 : 1083K
Loader bootstrap                                                                       : 753K
Loader lombok.launch.ShadowClassLoader                                                 : 211K
Loader jdk.internal.loader.ClassLoaders$PlatformClassLoader                            : 73594B
Loader jdk.internal.reflect.DelegatingClassLoader                                      : 15493B
Loader java.net.URLClassLoader                                                         : 9523B
Loader org.eclipse.sisu.space.CloningClassSpace$CloningClassLoader                     : 5345B

Classes loaded by more than one classloader:
Class org.codehaus.plexus.interpolation.InterpolationException                        : loaded 2 times (x 81B)
Class org.codehaus.plexus.interpolation.InterpolationPostProcessor                    : loaded 2 times (x 68B)
Class org.codehaus.plexus.util.DirectoryScanner                                       : loaded 2 times (x 113B)
Class org.codehaus.plexus.interpolation.AbstractDelegatingValueSource                 : loaded 2 times (x 79B)
Class org.codehaus.plexus.interpolation.BasicInterpolator                             : loaded 2 times (x 68B)
Class org.codehaus.plexus.util.Scanner                                                : loaded 2 times (x 68B)
Class org.codehaus.plexus.interpolation.PrefixedObjectValueSource                     : loaded 2 times (x 83B)
Class [Lorg.codehaus.plexus.util.MatchPattern;                                        : loaded 2 times (x 67B)
Class org.codehaus.plexus.interpolation.ValueSource                                   : loaded 2 times (x 68B)
Class org.codehaus.plexus.util.AbstractScanner                                        : loaded 2 times (x 98B)
Class org.codehaus.plexus.util.MatchPattern                                           : loaded 2 times (x 76B)
Class org.codehaus.plexus.interpolation.RecursionInterceptor                          : loaded 2 times (x 68B)
Class org.apache.maven.shared.utils.logging.MessageBuilder                            : loaded 2 times (x 68B)
Class org.apache.maven.shared.utils.logging.AnsiMessageBuilder                        : loaded 2 times (x 124B)
Class org.codehaus.plexus.interpolation.ObjectBasedValueSource                        : loaded 2 times (x 80B)
Class org.codehaus.plexus.interpolation.SimpleRecursionInterceptor                    : loaded 2 times (x 82B)
Class org.codehaus.plexus.interpolation.PrefixAwareRecursionInterceptor               : loaded 2 times (x 82B)
Class [Lorg.apache.maven.shared.utils.logging.Style;                                  : loaded 2 times (x 67B)
Class org.codehaus.plexus.interpolation.PropertiesBasedValueSource                    : loaded 2 times (x 80B)
Class org.codehaus.plexus.interpolation.PrefixedValueSourceWrapper                    : loaded 2 times (x 84B)
Class org.codehaus.plexus.interpolation.QueryEnabledValueSource                       : loaded 2 times (x 68B)
Class org.codehaus.plexus.interpolation.AbstractValueSource                           : loaded 2 times (x 80B)
Class org.codehaus.plexus.util.MatchPatterns                                          : loaded 2 times (x 74B)
Class org.apache.maven.shared.utils.logging.MessageUtils$1                            : loaded 2 times (x 85B)
Class org.apache.maven.shared.utils.logging.Style                                     : loaded 2 times (x 78B)
Class org.apache.maven.shared.utils.logging.LoggerLevelRenderer                       : loaded 2 times (x 68B)
Class org.codehaus.plexus.interpolation.InterpolationCycleException                   : loaded 2 times (x 81B)
Class org.codehaus.plexus.util.SelectorUtils                                          : loaded 2 times (x 69B)
Class org.codehaus.plexus.interpolation.FeedbackEnabledValueSource                    : loaded 2 times (x 68B)
Class org.codehaus.plexus.util.StringUtils                                            : loaded 2 times (x 69B)
Class org.apache.maven.shared.utils.logging.MessageUtils                              : loaded 2 times (x 69B)
Class org.codehaus.plexus.interpolation.Interpolator                                  : loaded 2 times (x 68B)


---------------  S Y S T E M  ---------------

OS:
 Windows 11 , 64 bit Build 26100 (10.0.26100.3037)
OS uptime: 6 days 0:13 hours
Hyper-V role detected

CPU: total 8 (initial active 8) (4 cores per cpu, 2 threads per core) family 6 model 142 stepping 12 microcode 0xf0, cx8, cmov, fxsr, ht, mmx, 3dnowpref, sse, sse2, sse3, ssse3, sse4.1, sse4.2, popcnt, lzcnt, tsc, tscinvbit, avx, avx2, aes, erms, clmul, bmi1, bmi2, adx, fma, vzeroupper, clflush, clflushopt, hv
Processor Information for all 8 processors :
  Max Mhz: 2112, Current Mhz: 1609, Mhz Limit: 1605

Memory: 4k page, system-wide physical 7995M (746M free)
TotalPageFile size 16187M (AvailPageFile size 76M)
current process WorkingSet (physical memory assigned to process): 306M, peak: 306M
current process commit charge ("private bytes"): 344M, peak: 445M

vm_info: OpenJDK 64-Bit Server VM (17.0.12+1-b1207.37) for windows-amd64 JRE (17.0.12+1-b1207.37), built on 2024-09-25 by "builduser" with MS VC++ 16.10 / 16.11 (VS2019)

END.
